2021-10-19 10:52:06,299 INFO e.w.s.FileServer [main] File Server listening on port 1024 
2021-10-19 10:52:13,597 INFO e.w.s.FileServer [main] New connection from /0:0:0:0:0:0:0:1 
2021-10-19 10:52:13,599 INFO e.w.s.FileServer [main] Request: GET /files HTTP/1.1 
2021-10-19 10:52:13,599 DEBUG e.w.s.FileServer [main] Http Method: GET 
2021-10-19 10:52:13,600 DEBUG e.w.s.FileServer [main] Path: /files 
2021-10-19 10:52:13,600 DEBUG e.w.s.FileServer [main] Http Version: HTTP/1.1 
2021-10-19 10:52:13,662 INFO e.w.s.FileServer [main] New connection from /0:0:0:0:0:0:0:1 
2021-10-19 10:55:41,757 INFO e.w.s.FileServer [main] File Server listening on port 1024 
2021-10-19 10:55:44,116 INFO e.w.s.FileServer [main] New connection from /0:0:0:0:0:0:0:1 
2021-10-19 10:55:44,120 INFO e.w.s.FileServer [main] Request: GET / HTTP/1.1 
2021-10-19 10:55:44,122 DEBUG e.w.s.FileServer [main] Http Method: GET 
2021-10-19 10:55:44,122 DEBUG e.w.s.FileServer [main] Path: / 
2021-10-19 10:55:44,123 DEBUG e.w.s.FileServer [main] Http Version: HTTP/1.1 
2021-10-19 10:55:44,131 INFO e.w.s.FileServer [main] New connection from /0:0:0:0:0:0:0:1 
2021-10-19 10:55:52,551 INFO e.w.s.FileServer [main] Request: GET /files HTTP/1.1 
2021-10-19 10:55:52,551 DEBUG e.w.s.FileServer [main] Http Method: GET 
2021-10-19 10:55:52,552 DEBUG e.w.s.FileServer [main] Path: /files 
2021-10-19 10:55:52,552 DEBUG e.w.s.FileServer [main] Http Version: HTTP/1.1 
2021-10-19 10:55:52,552 INFO e.w.s.FileServer [main] New connection from /0:0:0:0:0:0:0:1 
2021-10-19 10:56:00,239 INFO e.w.s.FileServer [main] Request: GET /files/test.html HTTP/1.1 
2021-10-19 10:56:00,243 DEBUG e.w.s.FileServer [main] Http Method: GET 
2021-10-19 10:56:00,243 DEBUG e.w.s.FileServer [main] Path: /files/test.html 
2021-10-19 10:56:00,244 DEBUG e.w.s.FileServer [main] Http Version: HTTP/1.1 
2021-10-19 10:56:00,245 INFO e.w.s.FileServer [main] New connection from /0:0:0:0:0:0:0:1 
2021-10-19 10:56:26,739 INFO e.w.s.FileServer [main] Request: GET /files/test.html HTTP/1.1 
2021-10-19 10:56:26,741 DEBUG e.w.s.FileServer [main] Http Method: GET 
2021-10-19 10:56:26,742 DEBUG e.w.s.FileServer [main] Path: /files/test.html 
2021-10-19 10:56:26,742 DEBUG e.w.s.FileServer [main] Http Version: HTTP/1.1 
2021-10-19 10:56:26,744 INFO e.w.s.FileServer [main] New connection from /0:0:0:0:0:0:0:1 
2021-10-19 10:56:32,401 INFO e.w.s.FileServer [main] Request: GET /files/gatsby.html HTTP/1.1 
2021-10-19 10:56:32,402 DEBUG e.w.s.FileServer [main] Http Method: GET 
2021-10-19 10:56:32,402 DEBUG e.w.s.FileServer [main] Path: /files/gatsby.html 
2021-10-19 10:56:32,402 DEBUG e.w.s.FileServer [main] Http Version: HTTP/1.1 
2021-10-19 10:56:32,403 INFO e.w.s.FileServer [main] New connection from /0:0:0:0:0:0:0:1 
2021-10-19 10:57:23,176 INFO e.w.s.FileServer [main] File Server listening on port 1024 
2021-10-19 10:57:25,298 INFO e.w.s.FileServer [main] New connection from /0:0:0:0:0:0:0:1 
2021-10-19 10:57:25,302 INFO e.w.s.FileServer [main] Request: GET /files/test.html HTTP/1.1 
2021-10-19 10:57:25,303 DEBUG e.w.s.FileServer [main] Http Method: GET 
2021-10-19 10:57:25,303 DEBUG e.w.s.FileServer [main] Path: /files/test.html 
2021-10-19 10:57:25,303 DEBUG e.w.s.FileServer [main] Http Version: HTTP/1.1 
2021-10-19 10:57:25,305 INFO e.w.s.FileServer [main] File not found -- /files/test.html 
2021-10-19 10:57:25,315 INFO e.w.s.FileServer [main] New connection from /0:0:0:0:0:0:0:1 
2021-10-19 10:58:23,572 INFO e.w.s.FileServer [main] File Server listening on port 1024 
2021-10-19 10:58:24,012 INFO e.w.s.FileServer [main] New connection from /0:0:0:0:0:0:0:1 
2021-10-19 10:58:24,014 INFO e.w.s.FileServer [main] Request: GET /files/test.html HTTP/1.1 
2021-10-19 10:58:24,015 DEBUG e.w.s.FileServer [main] Http Method: GET 
2021-10-19 10:58:24,016 DEBUG e.w.s.FileServer [main] Path: /files/test.html 
2021-10-19 10:58:24,016 DEBUG e.w.s.FileServer [main] Http Version: HTTP/1.1 
2021-10-19 10:58:24,052 INFO e.w.s.FileServer [main] New connection from /0:0:0:0:0:0:0:1 
2021-10-19 10:58:25,087 INFO e.w.s.FileServer [main] Request: GET /files/test.html HTTP/1.1 
2021-10-19 10:58:25,087 DEBUG e.w.s.FileServer [main] Http Method: GET 
2021-10-19 10:58:25,087 DEBUG e.w.s.FileServer [main] Path: /files/test.html 
2021-10-19 10:58:25,088 DEBUG e.w.s.FileServer [main] Http Version: HTTP/1.1 
2021-10-19 10:58:25,089 INFO e.w.s.FileServer [main] New connection from /0:0:0:0:0:0:0:1 
2021-10-19 10:58:26,099 INFO e.w.s.FileServer [main] Request: GET /files/test.html HTTP/1.1 
2021-10-19 10:58:26,100 DEBUG e.w.s.FileServer [main] Http Method: GET 
2021-10-19 10:58:26,100 DEBUG e.w.s.FileServer [main] Path: /files/test.html 
2021-10-19 10:58:26,100 DEBUG e.w.s.FileServer [main] Http Version: HTTP/1.1 
2021-10-19 10:58:26,101 INFO e.w.s.FileServer [main] New connection from /0:0:0:0:0:0:0:1 
2021-10-19 10:58:31,080 INFO e.w.s.FileServer [main] Request: GET /files/test.html HTTP/1.1 
2021-10-19 10:58:31,080 DEBUG e.w.s.FileServer [main] Http Method: GET 
2021-10-19 10:58:31,080 DEBUG e.w.s.FileServer [main] Path: /files/test.html 
2021-10-19 10:58:31,081 DEBUG e.w.s.FileServer [main] Http Version: HTTP/1.1 
2021-10-19 10:58:31,082 INFO e.w.s.FileServer [main] New connection from /0:0:0:0:0:0:0:1 
2021-10-19 10:58:36,122 INFO e.w.s.FileServer [main] Request: GET /files/test.html HTTP/1.1 
2021-10-19 10:58:36,125 DEBUG e.w.s.FileServer [main] Http Method: GET 
2021-10-19 10:58:36,126 DEBUG e.w.s.FileServer [main] Path: /files/test.html 
2021-10-19 10:58:36,126 DEBUG e.w.s.FileServer [main] Http Version: HTTP/1.1 
2021-10-19 10:58:36,128 INFO e.w.s.FileServer [main] New connection from /0:0:0:0:0:0:0:1 
2021-10-19 10:59:07,379 INFO e.w.s.FileServer [main] File Server listening on port 1024 
2021-10-19 10:59:09,929 INFO e.w.s.FileServer [main] New connection from /0:0:0:0:0:0:0:1 
2021-10-19 10:59:09,931 INFO e.w.s.FileServer [main] Request: GET /files/test.html HTTP/1.1 
2021-10-19 10:59:09,931 DEBUG e.w.s.FileServer [main] Http Method: GET 
2021-10-19 10:59:09,932 DEBUG e.w.s.FileServer [main] Path: /files/test.html 
2021-10-19 10:59:09,932 DEBUG e.w.s.FileServer [main] Http Version: HTTP/1.1 
2021-10-19 10:59:12,370 INFO e.w.s.FileServer [main] New connection from /0:0:0:0:0:0:0:1 
2021-10-19 10:59:12,371 INFO e.w.s.FileServer [main] Request: GET /files/test.html HTTP/1.1 
2021-10-19 10:59:12,371 DEBUG e.w.s.FileServer [main] Http Method: GET 
2021-10-19 10:59:12,371 DEBUG e.w.s.FileServer [main] Path: /files/test.html 
2021-10-19 10:59:12,371 DEBUG e.w.s.FileServer [main] Http Version: HTTP/1.1 
2021-10-19 10:59:12,410 INFO e.w.s.FileServer [main] New connection from /0:0:0:0:0:0:0:1 
2021-10-19 10:59:13,728 INFO e.w.s.FileServer [main] Request: GET /files/test.html HTTP/1.1 
2021-10-19 10:59:13,728 DEBUG e.w.s.FileServer [main] Http Method: GET 
2021-10-19 10:59:13,728 DEBUG e.w.s.FileServer [main] Path: /files/test.html 
2021-10-19 10:59:13,728 DEBUG e.w.s.FileServer [main] Http Version: HTTP/1.1 
2021-10-19 10:59:13,729 INFO e.w.s.FileServer [main] New connection from /0:0:0:0:0:0:0:1 
2021-10-19 10:59:18,761 INFO e.w.s.FileServer [main] Request: GET /files/test.html HTTP/1.1 
2021-10-19 10:59:18,761 DEBUG e.w.s.FileServer [main] Http Method: GET 
2021-10-19 10:59:18,761 DEBUG e.w.s.FileServer [main] Path: /files/test.html 
2021-10-19 10:59:18,762 DEBUG e.w.s.FileServer [main] Http Version: HTTP/1.1 
2021-10-19 10:59:18,763 INFO e.w.s.FileServer [main] New connection from /0:0:0:0:0:0:0:1 
2021-10-19 10:59:48,893 INFO e.w.s.FileServer [main] Request: GET /files/test.html HTTP/1.1 
2021-10-19 10:59:48,897 DEBUG e.w.s.FileServer [main] Http Method: GET 
2021-10-19 10:59:48,897 DEBUG e.w.s.FileServer [main] Path: /files/test.html 
2021-10-19 10:59:48,897 DEBUG e.w.s.FileServer [main] Http Version: HTTP/1.1 
2021-10-19 10:59:48,901 INFO e.w.s.FileServer [main] New connection from /0:0:0:0:0:0:0:1 
2021-10-19 11:00:48,925 INFO e.w.s.FileServer [main] Request: null 
2021-10-19 11:01:54,689 INFO e.w.s.FileServer [main] File Server listening on port 1024 
2021-10-19 11:01:56,305 INFO e.w.s.FileServer [main] New connection from /0:0:0:0:0:0:0:1 
2021-10-19 11:01:56,307 INFO e.w.s.FileServer [main] Request: GET /files/test.html HTTP/1.1 
2021-10-19 11:01:56,308 DEBUG e.w.s.FileServer [main] Http Method: GET 
2021-10-19 11:01:56,309 DEBUG e.w.s.FileServer [main] Path: /files/test.html 
2021-10-19 11:01:56,310 DEBUG e.w.s.FileServer [main] Http Version: HTTP/1.1 
2021-10-19 11:02:03,789 INFO e.w.s.FileServer [main] New connection from /0:0:0:0:0:0:0:1 
2021-10-19 11:02:03,789 INFO e.w.s.FileServer [main] Request: GET /files/test.html HTTP/1.1 
2021-10-19 11:02:03,789 DEBUG e.w.s.FileServer [main] Http Method: GET 
2021-10-19 11:02:03,790 DEBUG e.w.s.FileServer [main] Path: /files/test.html 
2021-10-19 11:02:03,790 DEBUG e.w.s.FileServer [main] Http Version: HTTP/1.1 
2021-10-19 11:02:06,317 INFO e.w.s.FileServer [main] New connection from /0:0:0:0:0:0:0:1 
2021-10-19 11:02:06,318 INFO e.w.s.FileServer [main] Request: GET /files/test.html HTTP/1.1 
2021-10-19 11:02:06,318 DEBUG e.w.s.FileServer [main] Http Method: GET 
2021-10-19 11:02:06,318 DEBUG e.w.s.FileServer [main] Path: /files/test.html 
2021-10-19 11:02:06,319 DEBUG e.w.s.FileServer [main] Http Version: HTTP/1.1 
2021-10-19 11:02:08,335 INFO e.w.s.FileServer [main] New connection from /0:0:0:0:0:0:0:1 
2021-10-19 11:02:08,336 INFO e.w.s.FileServer [main] Request: GET /files/test.html HTTP/1.1 
2021-10-19 11:02:08,336 DEBUG e.w.s.FileServer [main] Http Method: GET 
2021-10-19 11:02:08,336 DEBUG e.w.s.FileServer [main] Path: /files/test.html 
2021-10-19 11:02:08,336 DEBUG e.w.s.FileServer [main] Http Version: HTTP/1.1 
2021-10-19 11:02:14,726 INFO e.w.s.FileServer [main] New connection from /0:0:0:0:0:0:0:1 
2021-10-19 11:02:14,727 INFO e.w.s.FileServer [main] Request: GET /files/test.html HTTP/1.1 
2021-10-19 11:02:14,733 DEBUG e.w.s.FileServer [main] Http Method: GET 
2021-10-19 11:02:14,734 DEBUG e.w.s.FileServer [main] Path: /files/test.html 
2021-10-19 11:02:14,735 DEBUG e.w.s.FileServer [main] Http Version: HTTP/1.1 
2021-10-19 11:02:14,740 INFO e.w.s.FileServer [main] New connection from /0:0:0:0:0:0:0:1 
2021-10-19 11:02:15,789 INFO e.w.s.FileServer [main] Request: GET /files/test.html HTTP/1.1 
2021-10-19 11:02:15,797 DEBUG e.w.s.FileServer [main] Http Method: GET 
2021-10-19 11:02:15,797 DEBUG e.w.s.FileServer [main] Path: /files/test.html 
2021-10-19 11:02:15,797 DEBUG e.w.s.FileServer [main] Http Version: HTTP/1.1 
2021-10-19 11:02:15,798 INFO e.w.s.FileServer [main] New connection from /0:0:0:0:0:0:0:1 
2021-10-19 11:02:20,830 INFO e.w.s.FileServer [main] Request: GET /files/test.html HTTP/1.1 
2021-10-19 11:02:20,833 DEBUG e.w.s.FileServer [main] Http Method: GET 
2021-10-19 11:02:20,834 DEBUG e.w.s.FileServer [main] Path: /files/test.html 
2021-10-19 11:02:20,834 DEBUG e.w.s.FileServer [main] Http Version: HTTP/1.1 
2021-10-19 11:02:20,835 INFO e.w.s.FileServer [main] New connection from /0:0:0:0:0:0:0:1 
2021-10-19 11:02:50,861 INFO e.w.s.FileServer [main] Request: GET /files/test.html HTTP/1.1 
2021-10-19 11:02:50,862 DEBUG e.w.s.FileServer [main] Http Method: GET 
2021-10-19 11:02:50,862 DEBUG e.w.s.FileServer [main] Path: /files/test.html 
2021-10-19 11:02:50,862 DEBUG e.w.s.FileServer [main] Http Version: HTTP/1.1 
2021-10-19 11:02:50,865 INFO e.w.s.FileServer [main] New connection from /0:0:0:0:0:0:0:1 
2021-10-19 11:03:29,322 INFO e.w.s.FileServer [main] File Server listening on port 1024 
2021-10-19 11:03:32,731 INFO e.w.s.FileServer [main] New connection from /0:0:0:0:0:0:0:1 
2021-10-19 11:03:32,734 INFO e.w.s.FileServer [main] Request: GET /files/test.html HTTP/1.1 
2021-10-19 11:03:32,735 DEBUG e.w.s.FileServer [main] Http Method: GET 
2021-10-19 11:03:32,735 DEBUG e.w.s.FileServer [main] Path: /files/test.html 
2021-10-19 11:03:32,735 DEBUG e.w.s.FileServer [main] Http Version: HTTP/1.1 
2021-10-19 11:03:50,898 INFO e.w.s.FileServer [main] New connection from /0:0:0:0:0:0:0:1 
2021-10-19 11:03:50,906 INFO e.w.s.FileServer [main] Request: GET /files/test.html HTTP/1.1 
2021-10-19 11:03:50,908 DEBUG e.w.s.FileServer [main] Http Method: GET 
2021-10-19 11:03:50,908 DEBUG e.w.s.FileServer [main] Path: /files/test.html 
2021-10-19 11:03:50,909 DEBUG e.w.s.FileServer [main] Http Version: HTTP/1.1 
2021-10-19 11:03:50,972 INFO e.w.s.FileServer [main] New connection from /0:0:0:0:0:0:0:1 
2021-10-19 11:04:54,825 INFO e.w.s.FileServer [main] File Server listening on port 1024 
2021-10-19 11:04:56,097 INFO e.w.s.FileServer [main] New connection from /0:0:0:0:0:0:0:1 
2021-10-19 11:04:56,100 INFO e.w.s.FileServer [main] Request: GET /files/test.html HTTP/1.1 
2021-10-19 11:04:56,101 DEBUG e.w.s.FileServer [main] Http Method: GET 
2021-10-19 11:04:56,101 DEBUG e.w.s.FileServer [main] Path: /files/test.html 
2021-10-19 11:04:56,102 DEBUG e.w.s.FileServer [main] Http Version: HTTP/1.1 
2021-10-19 11:05:14,905 INFO e.w.s.FileServer [main] New connection from /0:0:0:0:0:0:0:1 
2021-10-19 11:05:14,911 INFO e.w.s.FileServer [main] Request: GET /files/test.html HTTP/1.1 
2021-10-19 11:05:14,912 DEBUG e.w.s.FileServer [main] Http Method: GET 
2021-10-19 11:05:14,913 DEBUG e.w.s.FileServer [main] Path: /files/test.html 
2021-10-19 11:05:14,913 DEBUG e.w.s.FileServer [main] Http Version: HTTP/1.1 
2021-10-19 11:05:14,917 INFO e.w.s.FileServer [main] New connection from /0:0:0:0:0:0:0:1 
2021-10-19 11:05:19,379 INFO e.w.s.FileServer [main] Request: GET /files/test.html HTTP/1.1 
2021-10-19 11:05:19,380 DEBUG e.w.s.FileServer [main] Http Method: GET 
2021-10-19 11:05:19,380 DEBUG e.w.s.FileServer [main] Path: /files/test.html 
2021-10-19 11:05:19,380 DEBUG e.w.s.FileServer [main] Http Version: HTTP/1.1 
2021-10-19 11:05:19,381 INFO e.w.s.FileServer [main] New connection from /0:0:0:0:0:0:0:1 
2021-10-19 11:05:22,267 INFO e.w.s.FileServer [main] Request: GET /files/test.html HTTP/1.1 
2021-10-19 11:05:22,267 DEBUG e.w.s.FileServer [main] Http Method: GET 
2021-10-19 11:05:22,267 DEBUG e.w.s.FileServer [main] Path: /files/test.html 
2021-10-19 11:05:22,267 DEBUG e.w.s.FileServer [main] Http Version: HTTP/1.1 
2021-10-19 11:05:22,268 INFO e.w.s.FileServer [main] New connection from /0:0:0:0:0:0:0:1 
2021-10-19 11:05:23,004 INFO e.w.s.FileServer [main] Request: GET /files/test.html HTTP/1.1 
2021-10-19 11:05:23,005 DEBUG e.w.s.FileServer [main] Http Method: GET 
2021-10-19 11:05:23,005 DEBUG e.w.s.FileServer [main] Path: /files/test.html 
2021-10-19 11:05:23,005 DEBUG e.w.s.FileServer [main] Http Version: HTTP/1.1 
2021-10-19 11:05:23,006 INFO e.w.s.FileServer [main] New connection from /0:0:0:0:0:0:0:1 
2021-10-19 11:05:23,619 INFO e.w.s.FileServer [main] Request: GET /files/test.html HTTP/1.1 
2021-10-19 11:05:23,619 DEBUG e.w.s.FileServer [main] Http Method: GET 
2021-10-19 11:05:23,619 DEBUG e.w.s.FileServer [main] Path: /files/test.html 
2021-10-19 11:05:23,620 DEBUG e.w.s.FileServer [main] Http Version: HTTP/1.1 
2021-10-19 11:05:23,621 INFO e.w.s.FileServer [main] New connection from /0:0:0:0:0:0:0:1 
2021-10-19 11:06:12,945 INFO e.w.s.FileServer [main] File Server listening on port 1024 
2021-10-19 11:06:15,161 INFO e.w.s.FileServer [main] New connection from /0:0:0:0:0:0:0:1 
2021-10-19 11:06:15,162 INFO e.w.s.FileServer [main] Request: GET /files/test.html HTTP/1.1 
2021-10-19 11:06:15,163 DEBUG e.w.s.FileServer [main] Http Method: GET 
2021-10-19 11:06:15,163 DEBUG e.w.s.FileServer [main] Path: /files/test.html 
2021-10-19 11:06:15,163 DEBUG e.w.s.FileServer [main] Http Version: HTTP/1.1 
2021-10-19 11:06:25,051 INFO e.w.s.FileServer [main] New connection from /0:0:0:0:0:0:0:1 
2021-10-19 11:06:25,052 INFO e.w.s.FileServer [main] Request: GET /files/test.html HTTP/1.1 
2021-10-19 11:06:25,052 DEBUG e.w.s.FileServer [main] Http Method: GET 
2021-10-19 11:06:25,052 DEBUG e.w.s.FileServer [main] Path: /files/test.html 
2021-10-19 11:06:25,053 DEBUG e.w.s.FileServer [main] Http Version: HTTP/1.1 
2021-10-19 11:06:25,058 INFO e.w.s.FileServer [main] New connection from /0:0:0:0:0:0:0:1 
2021-10-19 11:06:28,749 INFO e.w.s.FileServer [main] Request: GET /files/test.html HTTP/1.1 
2021-10-19 11:06:28,750 DEBUG e.w.s.FileServer [main] Http Method: GET 
2021-10-19 11:06:28,750 DEBUG e.w.s.FileServer [main] Path: /files/test.html 
2021-10-19 11:06:28,750 DEBUG e.w.s.FileServer [main] Http Version: HTTP/1.1 
2021-10-19 11:06:28,751 INFO e.w.s.FileServer [main] New connection from /0:0:0:0:0:0:0:1 
2021-10-19 11:06:33,816 INFO e.w.s.FileServer [main] Request: GET /files/gatsby.html HTTP/1.1 
2021-10-19 11:06:33,817 DEBUG e.w.s.FileServer [main] Http Method: GET 
2021-10-19 11:06:33,817 DEBUG e.w.s.FileServer [main] Path: /files/gatsby.html 
2021-10-19 11:06:33,818 DEBUG e.w.s.FileServer [main] Http Version: HTTP/1.1 
2021-10-19 11:06:33,926 INFO e.w.s.FileServer [main] New connection from /0:0:0:0:0:0:0:1 
2021-10-19 11:06:52,253 INFO e.w.s.FileServer [main] Request: GET /files HTTP/1.1 
2021-10-19 11:06:52,255 DEBUG e.w.s.FileServer [main] Http Method: GET 
2021-10-19 11:06:52,255 DEBUG e.w.s.FileServer [main] Path: /files 
2021-10-19 11:06:52,256 DEBUG e.w.s.FileServer [main] Http Version: HTTP/1.1 
2021-10-19 11:06:52,257 INFO e.w.s.FileServer [main] File not found -- Is a directory 
2021-10-19 11:06:52,257 INFO e.w.s.FileServer [main] New connection from /0:0:0:0:0:0:0:1 
2021-10-19 11:07:48,462 INFO e.w.s.FileServer [main] Request: null 
2021-10-19 11:08:03,970 INFO e.w.s.FileServer [main] File Server listening on port 1024 
2021-10-19 11:08:07,212 INFO e.w.s.FileServer [main] New connection from /0:0:0:0:0:0:0:1 
2021-10-19 11:08:07,214 INFO e.w.s.FileServer [main] Request: GET /files HTTP/1.1 
2021-10-19 11:08:07,215 DEBUG e.w.s.FileServer [main] Http Method: GET 
2021-10-19 11:08:07,216 DEBUG e.w.s.FileServer [main] Path: /files 
2021-10-19 11:08:07,216 DEBUG e.w.s.FileServer [main] Http Version: HTTP/1.1 
2021-10-19 11:08:07,222 INFO e.w.s.FileServer [main] File not found -- Is a directory 
2021-10-19 11:08:37,967 INFO e.w.s.FileServer [main] New connection from /0:0:0:0:0:0:0:1 
2021-10-19 11:08:37,974 INFO e.w.s.FileServer [main] Request: GET /files HTTP/1.1 
2021-10-19 11:08:37,974 DEBUG e.w.s.FileServer [main] Http Method: GET 
2021-10-19 11:08:37,974 DEBUG e.w.s.FileServer [main] Path: /files 
2021-10-19 11:08:37,974 DEBUG e.w.s.FileServer [main] Http Version: HTTP/1.1 
2021-10-19 11:08:37,975 INFO e.w.s.FileServer [main] File not found -- Is a directory 
2021-10-19 11:09:22,967 INFO e.w.s.FileServer [main] File Server listening on port 1024 
2021-10-19 11:09:27,005 INFO e.w.s.FileServer [main] New connection from /0:0:0:0:0:0:0:1 
2021-10-19 11:09:27,007 INFO e.w.s.FileServer [main] Request: GET /files/test.html HTTP/1.1 
2021-10-19 11:09:27,007 DEBUG e.w.s.FileServer [main] Http Method: GET 
2021-10-19 11:09:27,007 DEBUG e.w.s.FileServer [main] Path: /files/test.html 
2021-10-19 11:09:27,007 DEBUG e.w.s.FileServer [main] Http Version: HTTP/1.1 
2021-10-19 11:09:35,757 INFO e.w.s.FileServer [main] New connection from /0:0:0:0:0:0:0:1 
2021-10-19 11:09:35,757 INFO e.w.s.FileServer [main] Request: GET /files/testaa.html HTTP/1.1 
2021-10-19 11:09:35,758 DEBUG e.w.s.FileServer [main] Http Method: GET 
2021-10-19 11:09:35,758 DEBUG e.w.s.FileServer [main] Path: /files/testaa.html 
2021-10-19 11:09:35,758 DEBUG e.w.s.FileServer [main] Http Version: HTTP/1.1 
2021-10-19 11:09:35,759 INFO e.w.s.FileServer [main] File not found -- ./files/testaa.html 
2021-10-19 11:09:51,865 INFO e.w.s.FileServer [main] New connection from /0:0:0:0:0:0:0:1 
2021-10-19 11:09:51,866 INFO e.w.s.FileServer [main] Request: GET /files/test.html HTTP/1.1 
2021-10-19 11:09:51,866 DEBUG e.w.s.FileServer [main] Http Method: GET 
2021-10-19 11:09:51,866 DEBUG e.w.s.FileServer [main] Path: /files/test.html 
2021-10-19 11:09:51,866 DEBUG e.w.s.FileServer [main] Http Version: HTTP/1.1 
2021-10-19 11:09:51,869 INFO e.w.s.FileServer [main] New connection from /0:0:0:0:0:0:0:1 
2021-10-19 11:09:55,389 INFO e.w.s.FileServer [main] Request: GET /files/testaa.html HTTP/1.1 
2021-10-19 11:09:55,393 DEBUG e.w.s.FileServer [main] Http Method: GET 
2021-10-19 11:09:55,393 DEBUG e.w.s.FileServer [main] Path: /files/testaa.html 
2021-10-19 11:09:55,393 DEBUG e.w.s.FileServer [main] Http Version: HTTP/1.1 
2021-10-19 11:09:55,394 INFO e.w.s.FileServer [main] File not found -- ./files/testaa.html 
2021-10-19 11:09:55,394 INFO e.w.s.FileServer [main] New connection from /0:0:0:0:0:0:0:1 
2021-10-19 11:10:04,849 INFO e.w.s.FileServer [main] Request: GET /blah HTTP/1.1 
2021-10-19 11:10:04,850 DEBUG e.w.s.FileServer [main] Http Method: GET 
2021-10-19 11:10:04,850 DEBUG e.w.s.FileServer [main] Path: /blah 
2021-10-19 11:10:04,850 DEBUG e.w.s.FileServer [main] Http Version: HTTP/1.1 
2021-10-19 11:10:04,851 INFO e.w.s.FileServer [main] New connection from /0:0:0:0:0:0:0:1 
2021-10-19 11:10:10,892 INFO e.w.s.FileServer [main] Request: GET /files/test.html HTTP/1.1 
2021-10-19 11:10:10,893 DEBUG e.w.s.FileServer [main] Http Method: GET 
2021-10-19 11:10:10,893 DEBUG e.w.s.FileServer [main] Path: /files/test.html 
2021-10-19 11:10:10,893 DEBUG e.w.s.FileServer [main] Http Version: HTTP/1.1 
2021-10-19 11:10:10,896 INFO e.w.s.FileServer [main] New connection from /0:0:0:0:0:0:0:1 
2021-10-19 11:10:18,305 INFO e.w.s.FileServer [main] Request: GET /files/gatsby HTTP/1.1 
2021-10-19 11:10:18,306 DEBUG e.w.s.FileServer [main] Http Method: GET 
2021-10-19 11:10:18,306 DEBUG e.w.s.FileServer [main] Path: /files/gatsby 
2021-10-19 11:10:18,306 DEBUG e.w.s.FileServer [main] Http Version: HTTP/1.1 
2021-10-19 11:10:18,307 INFO e.w.s.FileServer [main] File not found -- ./files/gatsby 
2021-10-19 11:10:18,308 INFO e.w.s.FileServer [main] New connection from /0:0:0:0:0:0:0:1 
2021-10-19 11:10:23,079 INFO e.w.s.FileServer [main] Request: GET /files/gatsby.html HTTP/1.1 
2021-10-19 11:10:23,080 DEBUG e.w.s.FileServer [main] Http Method: GET 
2021-10-19 11:10:23,080 DEBUG e.w.s.FileServer [main] Path: /files/gatsby.html 
2021-10-19 11:10:23,080 DEBUG e.w.s.FileServer [main] Http Version: HTTP/1.1 
2021-10-19 11:10:23,126 INFO e.w.s.FileServer [main] New connection from /0:0:0:0:0:0:0:1 
2021-10-19 11:11:17,966 INFO e.w.s.FileServer [main] File Server listening on port 1024 
2021-10-19 11:11:19,808 INFO e.w.s.FileServer [main] New connection from /0:0:0:0:0:0:0:1 
2021-10-19 11:11:19,810 INFO e.w.s.FileServer [main] Request: POST /files/testaa.html HTTP/1.1 
2021-10-19 11:11:19,811 DEBUG e.w.s.FileServer [main] Http Method: POST 
2021-10-19 11:11:19,811 DEBUG e.w.s.FileServer [main] Path: /files/testaa.html 
2021-10-19 11:11:19,812 DEBUG e.w.s.FileServer [main] Http Version: HTTP/1.1 
2021-10-19 11:11:24,845 INFO e.w.s.FileServer [main] New connection from /0:0:0:0:0:0:0:1 
2021-10-19 11:11:24,846 INFO e.w.s.FileServer [main] Request: POST /files/testaa.html HTTP/1.1 
2021-10-19 11:11:24,846 DEBUG e.w.s.FileServer [main] Http Method: POST 
2021-10-19 11:11:24,846 DEBUG e.w.s.FileServer [main] Path: /files/testaa.html 
2021-10-19 11:11:24,846 DEBUG e.w.s.FileServer [main] Http Version: HTTP/1.1 
2021-10-19 11:11:30,417 INFO e.w.s.FileServer [main] New connection from /0:0:0:0:0:0:0:1 
2021-10-19 11:11:30,418 INFO e.w.s.FileServer [main] Request: POST /files/testaa.html HTTP/1.1 
2021-10-19 11:11:30,418 DEBUG e.w.s.FileServer [main] Http Method: POST 
2021-10-19 11:11:30,419 DEBUG e.w.s.FileServer [main] Path: /files/testaa.html 
2021-10-19 11:11:30,419 DEBUG e.w.s.FileServer [main] Http Version: HTTP/1.1 
2021-10-19 11:12:22,738 INFO e.w.s.FileServer [main] File Server listening on port 1024 
2021-10-19 11:12:24,141 INFO e.w.s.FileServer [main] New connection from /0:0:0:0:0:0:0:1 
2021-10-19 11:12:24,143 INFO e.w.s.FileServer [main] Request: GET /files/testaa.html HTTP/1.1 
2021-10-19 11:12:24,143 DEBUG e.w.s.FileServer [main] Http Method: GET 
2021-10-19 11:12:24,143 DEBUG e.w.s.FileServer [main] Path: /files/testaa.html 
2021-10-19 11:12:24,144 DEBUG e.w.s.FileServer [main] Http Version: HTTP/1.1 
2021-10-19 11:12:24,146 INFO e.w.s.FileServer [main] File not found -- ./files/testaa.html 
2021-10-19 11:12:30,801 INFO e.w.s.FileServer [main] New connection from /0:0:0:0:0:0:0:1 
2021-10-19 11:12:30,802 INFO e.w.s.FileServer [main] Request: GET /files/test.html HTTP/1.1 
2021-10-19 11:12:30,802 DEBUG e.w.s.FileServer [main] Http Method: GET 
2021-10-19 11:12:30,802 DEBUG e.w.s.FileServer [main] Path: /files/test.html 
2021-10-19 11:12:30,802 DEBUG e.w.s.FileServer [main] Http Version: HTTP/1.1 
2021-10-19 11:12:33,866 INFO e.w.s.FileServer [main] New connection from /0:0:0:0:0:0:0:1 
2021-10-19 11:12:33,867 INFO e.w.s.FileServer [main] Request: POST /files/testaa.html HTTP/1.1 
2021-10-19 11:12:33,867 DEBUG e.w.s.FileServer [main] Http Method: POST 
2021-10-19 11:12:33,867 DEBUG e.w.s.FileServer [main] Path: /files/testaa.html 
2021-10-19 11:12:33,867 DEBUG e.w.s.FileServer [main] Http Version: HTTP/1.1 
2021-10-19 11:13:03,583 INFO e.w.s.FileServer [main] File Server listening on port 1024 
2021-10-19 11:13:04,640 INFO e.w.s.FileServer [main] New connection from /0:0:0:0:0:0:0:1 
2021-10-19 11:13:04,642 INFO e.w.s.FileServer [main] Request: POST /files/testaa.html HTTP/1.1 
2021-10-19 11:13:04,642 DEBUG e.w.s.FileServer [main] Http Method: POST 
2021-10-19 11:13:04,642 DEBUG e.w.s.FileServer [main] Path: /files/testaa.html 
2021-10-19 11:13:04,642 DEBUG e.w.s.FileServer [main] Http Version: HTTP/1.1 
2021-10-19 11:13:16,890 INFO e.w.s.FileServer [main] New connection from /0:0:0:0:0:0:0:1 
2021-10-19 11:13:16,890 INFO e.w.s.FileServer [main] Request: POST /files/testaa.html HTTP/1.1 
2021-10-19 11:13:16,891 DEBUG e.w.s.FileServer [main] Http Method: POST 
2021-10-19 11:13:16,891 DEBUG e.w.s.FileServer [main] Path: /files/testaa.html 
2021-10-19 11:13:16,891 DEBUG e.w.s.FileServer [main] Http Version: HTTP/1.1 
2021-10-19 11:24:48,100 INFO e.w.s.FileServer [main] File Server listening on port 1024 
2021-10-19 11:24:53,994 INFO e.w.s.FileServer [main] New connection from /127.0.0.1 
2021-10-19 11:24:54,016 INFO e.w.s.FileServer [main] Request: GET /files/test.html HTTP/1.1 
2021-10-19 11:24:54,016 DEBUG e.w.s.FileServer [main] Http Method: GET 
2021-10-19 11:24:54,017 DEBUG e.w.s.FileServer [main] Path: /files/test.html 
2021-10-19 11:24:54,017 DEBUG e.w.s.FileServer [main] Http Version: HTTP/1.1 
2021-10-19 11:25:12,011 INFO e.w.s.FileServer [main] New connection from /127.0.0.1 
2021-10-19 11:25:12,048 INFO e.w.s.FileServer [main] Request: GET /files/gatsby.html HTTP/1.1 
2021-10-19 11:25:12,049 DEBUG e.w.s.FileServer [main] Http Method: GET 
2021-10-19 11:25:12,049 DEBUG e.w.s.FileServer [main] Path: /files/gatsby.html 
2021-10-19 11:25:12,049 DEBUG e.w.s.FileServer [main] Http Version: HTTP/1.1 
2021-10-19 11:45:03,908 INFO e.w.s.EchoServer [main] Echo Server listening on port 1024 
2021-10-19 11:45:08,021 INFO e.w.s.EchoServer [main] New connection from /0:0:0:0:0:0:0:1 
2021-10-19 11:45:08,023 INFO e.w.s.EchoServer [main] Request: GET /echo HTTP/1.1 
2021-10-19 11:45:08,023 DEBUG e.w.s.EchoServer [main] Http Method: GET 
2021-10-19 11:45:08,024 DEBUG e.w.s.EchoServer [main] Path: /echo 
2021-10-19 11:45:08,024 DEBUG e.w.s.EchoServer [main] Http Version: HTTP/1.1 
2021-10-19 11:45:17,582 INFO e.w.s.EchoServer [main] New connection from /0:0:0:0:0:0:0:1 
2021-10-19 11:45:17,584 INFO e.w.s.EchoServer [main] Request: GET /echo HTTP/1.1 
2021-10-19 11:45:17,584 DEBUG e.w.s.EchoServer [main] Http Method: GET 
2021-10-19 11:45:17,585 DEBUG e.w.s.EchoServer [main] Path: /echo 
2021-10-19 11:45:17,586 DEBUG e.w.s.EchoServer [main] Http Version: HTTP/1.1 
2021-10-19 11:45:17,586 INFO e.w.s.EchoServer [main] New connection from /0:0:0:0:0:0:0:1 
2021-10-19 11:45:17,707 INFO e.w.s.EchoServer [main] Request: GET /favicon.ico HTTP/1.1 
2021-10-19 11:45:17,708 DEBUG e.w.s.EchoServer [main] Http Method: GET 
2021-10-19 11:45:17,708 DEBUG e.w.s.EchoServer [main] Path: /favicon.ico 
2021-10-19 11:45:17,708 DEBUG e.w.s.EchoServer [main] Http Version: HTTP/1.1 
2021-10-19 11:45:20,359 INFO e.w.s.EchoServer [main] New connection from /0:0:0:0:0:0:0:1 
2021-10-19 11:45:20,360 INFO e.w.s.EchoServer [main] Request: GET /echo?msg=message HTTP/1.1 
2021-10-19 11:45:20,363 DEBUG e.w.s.EchoServer [main] Http Method: GET 
2021-10-19 11:45:20,364 DEBUG e.w.s.EchoServer [main] Path: /echo?msg=message 
2021-10-19 11:45:20,365 DEBUG e.w.s.EchoServer [main] Http Version: HTTP/1.1 
2021-10-19 11:45:20,365 INFO e.w.s.EchoServer [main] New connection from /0:0:0:0:0:0:0:1 
2021-10-19 11:47:30,954 INFO e.w.s.EchoServer [main] Echo Server listening on port 1024 
2021-10-19 11:47:47,896 INFO e.w.s.EchoServer [main] New connection from /0:0:0:0:0:0:0:1 
2021-10-19 11:47:47,904 INFO e.w.s.EchoServer [main] Request: GET /echo HTTP/1.1 
2021-10-19 11:47:47,905 DEBUG e.w.s.EchoServer [main] Http Method: GET 
2021-10-19 11:47:47,906 DEBUG e.w.s.EchoServer [main] Path: /echo 
2021-10-19 11:47:47,906 DEBUG e.w.s.EchoServer [main] Http Version: HTTP/1.1 
2021-10-19 11:47:47,922 INFO e.w.s.EchoServer [main] New connection from /0:0:0:0:0:0:0:1 
2021-10-19 11:47:49,992 INFO e.w.s.EchoServer [main] Request: POST /echo HTTP/1.1 
2021-10-19 11:47:49,992 DEBUG e.w.s.EchoServer [main] Http Method: POST 
2021-10-19 11:47:49,992 DEBUG e.w.s.EchoServer [main] Path: /echo 
2021-10-19 11:47:49,993 DEBUG e.w.s.EchoServer [main] Http Version: HTTP/1.1 
2021-10-19 11:47:49,993 INFO e.w.s.EchoServer [main] New connection from /0:0:0:0:0:0:0:1 
2021-10-19 11:47:49,994 INFO e.w.s.EchoServer [main] Request: POST /echo HTTP/1.1 
2021-10-19 11:47:49,994 DEBUG e.w.s.EchoServer [main] Http Method: POST 
2021-10-19 11:47:49,994 DEBUG e.w.s.EchoServer [main] Path: /echo 
2021-10-19 11:47:49,994 DEBUG e.w.s.EchoServer [main] Http Version: HTTP/1.1 
2021-10-19 11:47:49,995 INFO e.w.s.EchoServer [main] New connection from /0:0:0:0:0:0:0:1 
2021-10-19 11:47:49,996 INFO e.w.s.EchoServer [main] Request: POST /echo HTTP/1.1 
2021-10-19 11:47:49,996 DEBUG e.w.s.EchoServer [main] Http Method: POST 
2021-10-19 11:47:49,997 DEBUG e.w.s.EchoServer [main] Path: /echo 
2021-10-19 11:47:49,997 DEBUG e.w.s.EchoServer [main] Http Version: HTTP/1.1 
2021-10-19 11:50:08,063 INFO e.w.s.EchoServer [main] Echo Server listening on port 1024 
2021-10-19 11:50:09,505 INFO e.w.s.EchoServer [main] New connection from /0:0:0:0:0:0:0:1 
2021-10-19 11:50:09,526 INFO e.w.s.EchoServer [main] Request: GET /echo HTTP/1.1 
2021-10-19 11:50:09,526 DEBUG e.w.s.EchoServer [main] Http Method: GET 
2021-10-19 11:50:09,526 DEBUG e.w.s.EchoServer [main] Path: /echo 
2021-10-19 11:50:09,526 DEBUG e.w.s.EchoServer [main] Http Version: HTTP/1.1 
2021-10-19 11:50:09,542 INFO e.w.s.EchoServer [main] New connection from /0:0:0:0:0:0:0:1 
2021-10-19 11:50:12,958 INFO e.w.s.EchoServer [main] Request: POST /echo HTTP/1.1 
2021-10-19 11:50:12,958 DEBUG e.w.s.EchoServer [main] Http Method: POST 
2021-10-19 11:50:12,959 DEBUG e.w.s.EchoServer [main] Path: /echo 
2021-10-19 11:50:12,959 DEBUG e.w.s.EchoServer [main] Http Version: HTTP/1.1 
2021-10-19 11:50:12,959 INFO e.w.s.EchoServer [main] New connection from /0:0:0:0:0:0:0:1 
2021-10-19 11:50:12,960 INFO e.w.s.EchoServer [main] Request: POST /echo HTTP/1.1 
2021-10-19 11:50:12,960 DEBUG e.w.s.EchoServer [main] Http Method: POST 
2021-10-19 11:50:12,960 DEBUG e.w.s.EchoServer [main] Path: /echo 
2021-10-19 11:50:12,960 DEBUG e.w.s.EchoServer [main] Http Version: HTTP/1.1 
2021-10-19 11:50:12,961 INFO e.w.s.EchoServer [main] New connection from /0:0:0:0:0:0:0:1 
2021-10-19 11:50:12,962 INFO e.w.s.EchoServer [main] Request: POST /echo HTTP/1.1 
2021-10-19 11:50:12,962 DEBUG e.w.s.EchoServer [main] Http Method: POST 
2021-10-19 11:50:12,963 DEBUG e.w.s.EchoServer [main] Path: /echo 
2021-10-19 11:50:12,963 DEBUG e.w.s.EchoServer [main] Http Version: HTTP/1.1 
2021-10-19 11:51:35,770 INFO e.w.s.EchoServer [main] Echo Server listening on port 1024 
2021-10-19 11:51:38,534 INFO e.w.s.EchoServer [main] New connection from /0:0:0:0:0:0:0:1 
2021-10-19 11:51:38,538 INFO e.w.s.EchoServer [main] Request: GET /echo HTTP/1.1 
2021-10-19 11:51:38,540 DEBUG e.w.s.EchoServer [main] Http Method: GET 
2021-10-19 11:51:38,540 DEBUG e.w.s.EchoServer [main] Path: /echo 
2021-10-19 11:51:38,540 DEBUG e.w.s.EchoServer [main] Http Version: HTTP/1.1 
2021-10-19 11:51:48,834 INFO e.w.s.EchoServer [main] New connection from /0:0:0:0:0:0:0:1 
2021-10-19 11:51:48,835 INFO e.w.s.EchoServer [main] Request: GET /echo HTTP/1.1 
2021-10-19 11:51:48,835 DEBUG e.w.s.EchoServer [main] Http Method: GET 
2021-10-19 11:51:48,835 DEBUG e.w.s.EchoServer [main] Path: /echo 
2021-10-19 11:51:48,835 DEBUG e.w.s.EchoServer [main] Http Version: HTTP/1.1 
2021-10-19 11:51:52,004 INFO e.w.s.EchoServer [main] New connection from /0:0:0:0:0:0:0:1 
2021-10-19 11:51:52,009 INFO e.w.s.EchoServer [main] Request: GET /echo HTTP/1.1 
2021-10-19 11:51:52,009 DEBUG e.w.s.EchoServer [main] Http Method: GET 
2021-10-19 11:51:52,009 DEBUG e.w.s.EchoServer [main] Path: /echo 
2021-10-19 11:51:52,010 DEBUG e.w.s.EchoServer [main] Http Version: HTTP/1.1 
2021-10-19 11:52:33,413 INFO e.w.s.EchoServer [main] Echo Server listening on port 1024 
2021-10-19 11:52:34,257 INFO e.w.s.EchoServer [main] New connection from /0:0:0:0:0:0:0:1 
2021-10-19 11:52:34,259 INFO e.w.s.EchoServer [main] Request: GET /echo HTTP/1.1 
2021-10-19 11:52:34,260 DEBUG e.w.s.EchoServer [main] Http Method: GET 
2021-10-19 11:52:34,260 DEBUG e.w.s.EchoServer [main] Path: /echo 
2021-10-19 11:52:34,261 DEBUG e.w.s.EchoServer [main] Http Version: HTTP/1.1 
2021-10-19 11:52:34,270 INFO e.w.s.EchoServer [main] New connection from /0:0:0:0:0:0:0:1 
2021-10-19 11:52:37,720 INFO e.w.s.EchoServer [main] Request: POST /echo HTTP/1.1 
2021-10-19 11:52:37,726 DEBUG e.w.s.EchoServer [main] Http Method: POST 
2021-10-19 11:52:37,726 DEBUG e.w.s.EchoServer [main] Path: /echo 
2021-10-19 11:52:37,726 DEBUG e.w.s.EchoServer [main] Http Version: HTTP/1.1 
2021-10-19 11:52:43,335 INFO e.w.s.EchoServer [main] New connection from /0:0:0:0:0:0:0:1 
2021-10-19 11:52:43,340 INFO e.w.s.EchoServer [main] Request: POST /echo HTTP/1.1 
2021-10-19 11:52:43,340 DEBUG e.w.s.EchoServer [main] Http Method: POST 
2021-10-19 11:52:43,340 DEBUG e.w.s.EchoServer [main] Path: /echo 
2021-10-19 11:52:43,340 DEBUG e.w.s.EchoServer [main] Http Version: HTTP/1.1 
2021-10-19 11:52:43,508 INFO e.w.s.EchoServer [main] New connection from /0:0:0:0:0:0:0:1 
2021-10-19 11:52:43,510 INFO e.w.s.EchoServer [main] Request: POST /echo HTTP/1.1 
2021-10-19 11:52:43,511 DEBUG e.w.s.EchoServer [main] Http Method: POST 
2021-10-19 11:52:43,511 DEBUG e.w.s.EchoServer [main] Path: /echo 
2021-10-19 11:52:43,511 DEBUG e.w.s.EchoServer [main] Http Version: HTTP/1.1 
2021-10-19 11:52:43,674 INFO e.w.s.EchoServer [main] New connection from /0:0:0:0:0:0:0:1 
2021-10-19 11:52:43,675 INFO e.w.s.EchoServer [main] Request: POST /echo HTTP/1.1 
2021-10-19 11:52:43,675 DEBUG e.w.s.EchoServer [main] Http Method: POST 
2021-10-19 11:52:43,675 DEBUG e.w.s.EchoServer [main] Path: /echo 
2021-10-19 11:52:43,676 DEBUG e.w.s.EchoServer [main] Http Version: HTTP/1.1 
2021-10-19 11:52:43,853 INFO e.w.s.EchoServer [main] New connection from /0:0:0:0:0:0:0:1 
2021-10-19 11:52:43,855 INFO e.w.s.EchoServer [main] Request: POST /echo HTTP/1.1 
2021-10-19 11:52:43,855 DEBUG e.w.s.EchoServer [main] Http Method: POST 
2021-10-19 11:52:43,855 DEBUG e.w.s.EchoServer [main] Path: /echo 
2021-10-19 11:52:43,856 DEBUG e.w.s.EchoServer [main] Http Version: HTTP/1.1 
2021-10-19 11:52:44,120 INFO e.w.s.EchoServer [main] New connection from /0:0:0:0:0:0:0:1 
2021-10-19 11:52:44,121 INFO e.w.s.EchoServer [main] Request: POST /echo HTTP/1.1 
2021-10-19 11:52:44,121 DEBUG e.w.s.EchoServer [main] Http Method: POST 
2021-10-19 11:52:44,122 DEBUG e.w.s.EchoServer [main] Path: /echo 
2021-10-19 11:52:44,122 DEBUG e.w.s.EchoServer [main] Http Version: HTTP/1.1 
2021-10-19 11:52:44,453 INFO e.w.s.EchoServer [main] New connection from /0:0:0:0:0:0:0:1 
2021-10-19 11:52:44,455 INFO e.w.s.EchoServer [main] Request: POST /echo HTTP/1.1 
2021-10-19 11:52:44,455 DEBUG e.w.s.EchoServer [main] Http Method: POST 
2021-10-19 11:52:44,455 DEBUG e.w.s.EchoServer [main] Path: /echo 
2021-10-19 11:52:44,455 DEBUG e.w.s.EchoServer [main] Http Version: HTTP/1.1 
2021-10-19 11:53:02,261 INFO e.w.s.EchoServer [main] Echo Server listening on port 1024 
2021-10-19 11:53:03,725 INFO e.w.s.EchoServer [main] New connection from /0:0:0:0:0:0:0:1 
2021-10-19 11:53:03,734 INFO e.w.s.EchoServer [main] Request: GET /echo HTTP/1.1 
2021-10-19 11:53:03,735 DEBUG e.w.s.EchoServer [main] Http Method: GET 
2021-10-19 11:53:03,735 DEBUG e.w.s.EchoServer [main] Path: /echo 
2021-10-19 11:53:03,735 DEBUG e.w.s.EchoServer [main] Http Version: HTTP/1.1 
2021-10-19 11:53:03,742 INFO e.w.s.EchoServer [main] New connection from /0:0:0:0:0:0:0:1 
2021-10-19 11:53:07,205 INFO e.w.s.EchoServer [main] Request: POST /echo HTTP/1.1 
2021-10-19 11:53:07,205 DEBUG e.w.s.EchoServer [main] Http Method: POST 
2021-10-19 11:53:07,205 DEBUG e.w.s.EchoServer [main] Path: /echo 
2021-10-19 11:53:07,205 DEBUG e.w.s.EchoServer [main] Http Version: HTTP/1.1 
2021-10-19 11:54:46,246 INFO e.w.s.EchoServer [main] Echo Server listening on port 1024 
2021-10-19 11:54:47,460 INFO e.w.s.EchoServer [main] New connection from /0:0:0:0:0:0:0:1 
2021-10-19 11:54:47,465 INFO e.w.s.EchoServer [main] Request: GET /echo HTTP/1.1 
2021-10-19 11:54:47,466 DEBUG e.w.s.EchoServer [main] Http Method: GET 
2021-10-19 11:54:47,467 DEBUG e.w.s.EchoServer [main] Path: /echo 
2021-10-19 11:54:47,467 DEBUG e.w.s.EchoServer [main] Http Version: HTTP/1.1 
2021-10-19 11:54:47,482 INFO e.w.s.EchoServer [main] New connection from /0:0:0:0:0:0:0:1 
2021-10-19 11:54:54,089 INFO e.w.s.EchoServer [main] Request: POST /echo HTTP/1.1 
2021-10-19 11:54:54,090 DEBUG e.w.s.EchoServer [main] Http Method: POST 
2021-10-19 11:54:54,090 DEBUG e.w.s.EchoServer [main] Path: /echo 
2021-10-19 11:54:54,092 DEBUG e.w.s.EchoServer [main] Http Version: HTTP/1.1 
2021-10-19 11:55:42,927 INFO e.w.s.EchoServer [main] Echo Server listening on port 1024 
2021-10-19 11:55:44,481 INFO e.w.s.EchoServer [main] New connection from /0:0:0:0:0:0:0:1 
2021-10-19 11:55:44,485 INFO e.w.s.EchoServer [main] Request: GET /echo HTTP/1.1 
2021-10-19 11:55:44,485 DEBUG e.w.s.EchoServer [main] Http Method: GET 
2021-10-19 11:55:44,486 DEBUG e.w.s.EchoServer [main] Path: /echo 
2021-10-19 11:55:44,486 DEBUG e.w.s.EchoServer [main] Http Version: HTTP/1.1 
2021-10-19 11:55:44,497 INFO e.w.s.EchoServer [main] New connection from /0:0:0:0:0:0:0:1 
2021-10-19 11:55:48,496 INFO e.w.s.EchoServer [main] Request: POST /echo HTTP/1.1 
2021-10-19 11:55:48,496 DEBUG e.w.s.EchoServer [main] Http Method: POST 
2021-10-19 11:55:48,497 DEBUG e.w.s.EchoServer [main] Path: /echo 
2021-10-19 11:55:48,497 DEBUG e.w.s.EchoServer [main] Http Version: HTTP/1.1 
2021-10-19 11:56:39,278 INFO e.w.s.EchoServer [main] New connection from /0:0:0:0:0:0:0:1 
2021-10-19 11:57:02,461 INFO e.w.s.EchoServer [main] Request: null 
2021-10-19 11:57:34,651 INFO e.w.s.EchoServer [main] Echo Server listening on port 1024 
2021-10-19 11:57:41,046 INFO e.w.s.EchoServer [main] New connection from /0:0:0:0:0:0:0:1 
2021-10-19 11:57:41,048 INFO e.w.s.EchoServer [main] Request: POST /echo HTTP/1.1 
2021-10-19 11:57:41,048 DEBUG e.w.s.EchoServer [main] Http Method: POST 
2021-10-19 11:57:41,048 DEBUG e.w.s.EchoServer [main] Path: /echo 
2021-10-19 11:57:41,048 DEBUG e.w.s.EchoServer [main] Http Version: HTTP/1.1 
2021-10-19 11:58:13,952 INFO e.w.s.EchoServer [main] New connection from /0:0:0:0:0:0:0:1 
2021-10-19 11:58:13,953 INFO e.w.s.EchoServer [main] Request: POST /echo HTTP/1.1 
2021-10-19 11:58:13,954 DEBUG e.w.s.EchoServer [main] Http Method: POST 
2021-10-19 11:58:13,954 DEBUG e.w.s.EchoServer [main] Path: /echo 
2021-10-19 11:58:13,954 DEBUG e.w.s.EchoServer [main] Http Version: HTTP/1.1 
2021-10-19 12:02:32,794 INFO e.w.s.EchoServer [main] Echo Server listening on port 1024 
2021-10-19 12:02:33,680 INFO e.w.s.EchoServer [main] New connection from /0:0:0:0:0:0:0:1 
2021-10-19 12:02:33,686 INFO e.w.s.EchoServer [main] Request: GET /echo HTTP/1.1 
2021-10-19 12:02:33,687 DEBUG e.w.s.EchoServer [main] Http Method: GET 
2021-10-19 12:02:33,687 DEBUG e.w.s.EchoServer [main] Path: /echo 
2021-10-19 12:02:33,687 DEBUG e.w.s.EchoServer [main] Http Version: HTTP/1.1 
2021-10-19 12:02:33,699 INFO e.w.s.EchoServer [main] New connection from /0:0:0:0:0:0:0:1 
2021-10-19 12:02:36,682 INFO e.w.s.EchoServer [main] Request: POST /echo HTTP/1.1 
2021-10-19 12:02:36,682 DEBUG e.w.s.EchoServer [main] Http Method: POST 
2021-10-19 12:02:36,682 DEBUG e.w.s.EchoServer [main] Path: /echo 
2021-10-19 12:02:36,682 DEBUG e.w.s.EchoServer [main] Http Version: HTTP/1.1 
2021-10-19 12:02:36,683 INFO e.w.s.EchoServer [main] New connection from /0:0:0:0:0:0:0:1 
2021-10-19 12:02:36,686 INFO e.w.s.EchoServer [main] Request: POST /echo HTTP/1.1 
2021-10-19 12:02:36,686 DEBUG e.w.s.EchoServer [main] Http Method: POST 
2021-10-19 12:02:36,686 DEBUG e.w.s.EchoServer [main] Path: /echo 
2021-10-19 12:02:36,687 DEBUG e.w.s.EchoServer [main] Http Version: HTTP/1.1 
2021-10-19 12:02:36,688 INFO e.w.s.EchoServer [main] New connection from /0:0:0:0:0:0:0:1 
2021-10-19 12:02:36,688 INFO e.w.s.EchoServer [main] Request: POST /echo HTTP/1.1 
2021-10-19 12:02:36,688 DEBUG e.w.s.EchoServer [main] Http Method: POST 
2021-10-19 12:02:36,688 DEBUG e.w.s.EchoServer [main] Path: /echo 
2021-10-19 12:02:36,688 DEBUG e.w.s.EchoServer [main] Http Version: HTTP/1.1 
2021-10-19 12:03:07,643 INFO e.w.s.EchoServer [main] Echo Server listening on port 1024 
2021-10-19 12:03:08,510 INFO e.w.s.EchoServer [main] New connection from /0:0:0:0:0:0:0:1 
2021-10-19 12:03:08,513 INFO e.w.s.EchoServer [main] Request: GET /echo HTTP/1.1 
2021-10-19 12:03:08,514 DEBUG e.w.s.EchoServer [main] Http Method: GET 
2021-10-19 12:03:08,514 DEBUG e.w.s.EchoServer [main] Path: /echo 
2021-10-19 12:03:08,514 DEBUG e.w.s.EchoServer [main] Http Version: HTTP/1.1 
2021-10-19 12:03:08,523 INFO e.w.s.EchoServer [main] New connection from /0:0:0:0:0:0:0:1 
2021-10-19 12:03:10,426 INFO e.w.s.EchoServer [main] Request: POST /echo HTTP/1.1 
2021-10-19 12:03:10,426 DEBUG e.w.s.EchoServer [main] Http Method: POST 
2021-10-19 12:03:10,426 DEBUG e.w.s.EchoServer [main] Path: /echo 
2021-10-19 12:03:10,426 DEBUG e.w.s.EchoServer [main] Http Version: HTTP/1.1 
2021-10-19 12:03:10,427 INFO e.w.s.EchoServer [main] New connection from /0:0:0:0:0:0:0:1 
2021-10-19 12:03:10,428 INFO e.w.s.EchoServer [main] Request: POST /echo HTTP/1.1 
2021-10-19 12:03:10,428 DEBUG e.w.s.EchoServer [main] Http Method: POST 
2021-10-19 12:03:10,428 DEBUG e.w.s.EchoServer [main] Path: /echo 
2021-10-19 12:03:10,428 DEBUG e.w.s.EchoServer [main] Http Version: HTTP/1.1 
2021-10-19 12:03:10,430 INFO e.w.s.EchoServer [main] New connection from /0:0:0:0:0:0:0:1 
2021-10-19 12:03:10,430 INFO e.w.s.EchoServer [main] Request: POST /echo HTTP/1.1 
2021-10-19 12:03:10,431 DEBUG e.w.s.EchoServer [main] Http Method: POST 
2021-10-19 12:03:10,431 DEBUG e.w.s.EchoServer [main] Path: /echo 
2021-10-19 12:03:10,431 DEBUG e.w.s.EchoServer [main] Http Version: HTTP/1.1 
2021-10-19 12:30:05,914 INFO e.w.s.EchoServer [main] Echo Server listening on port 1024 
2021-10-19 12:30:09,972 INFO e.w.s.EchoServer [main] New connection from /0:0:0:0:0:0:0:1 
2021-10-19 12:30:09,975 INFO e.w.s.EchoServer [main] Request: GET /echo HTTP/1.1 
2021-10-19 12:30:09,977 DEBUG e.w.s.EchoServer [main] Http Method: GET 
2021-10-19 12:30:09,978 DEBUG e.w.s.EchoServer [main] Path: /echo 
2021-10-19 12:30:09,978 DEBUG e.w.s.EchoServer [main] Http Version: HTTP/1.1 
2021-10-19 12:30:09,989 INFO e.w.s.EchoServer [main] New connection from /0:0:0:0:0:0:0:1 
2021-10-19 12:30:15,255 INFO e.w.s.EchoServer [main] Request: POST /echo HTTP/1.1 
2021-10-19 12:30:15,259 DEBUG e.w.s.EchoServer [main] Http Method: POST 
2021-10-19 12:30:15,259 DEBUG e.w.s.EchoServer [main] Path: /echo 
2021-10-19 12:30:15,260 DEBUG e.w.s.EchoServer [main] Http Version: HTTP/1.1 
2021-10-19 12:30:15,260 INFO e.w.s.EchoServer [main] Message body: msg=test 
2021-10-19 12:30:15,260 INFO e.w.s.EchoServer [main] Message body value: =test 
2021-10-19 12:30:15,261 INFO e.w.s.EchoServer [main] New connection from /0:0:0:0:0:0:0:1 
2021-10-19 12:31:11,891 INFO e.w.s.EchoServer [main] Request: GET /echo HTTP/1.1 
2021-10-19 12:31:11,896 DEBUG e.w.s.EchoServer [main] Http Method: GET 
2021-10-19 12:31:11,897 DEBUG e.w.s.EchoServer [main] Path: /echo 
2021-10-19 12:31:11,897 DEBUG e.w.s.EchoServer [main] Http Version: HTTP/1.1 
2021-10-19 12:31:11,898 INFO e.w.s.EchoServer [main] New connection from /0:0:0:0:0:0:0:1 
2021-10-19 12:31:14,739 INFO e.w.s.EchoServer [main] Request: POST /echo HTTP/1.1 
2021-10-19 12:31:14,741 DEBUG e.w.s.EchoServer [main] Http Method: POST 
2021-10-19 12:31:14,741 DEBUG e.w.s.EchoServer [main] Path: /echo 
2021-10-19 12:31:14,741 DEBUG e.w.s.EchoServer [main] Http Version: HTTP/1.1 
2021-10-19 12:31:14,742 INFO e.w.s.EchoServer [main] Message body: msg=another+test 
2021-10-19 12:31:14,742 INFO e.w.s.EchoServer [main] Message body value: =another+test 
2021-10-19 12:31:14,743 INFO e.w.s.EchoServer [main] New connection from /0:0:0:0:0:0:0:1 
2021-10-19 12:33:03,315 INFO e.w.s.EchoServer [main] Echo Server listening on port 1024 
2021-10-19 12:33:03,650 INFO e.w.s.EchoServer [main] New connection from /0:0:0:0:0:0:0:1 
2021-10-19 12:33:03,653 INFO e.w.s.EchoServer [main] Request: GET /echo HTTP/1.1 
2021-10-19 12:33:03,654 DEBUG e.w.s.EchoServer [main] Http Method: GET 
2021-10-19 12:33:03,654 DEBUG e.w.s.EchoServer [main] Path: /echo 
2021-10-19 12:33:03,654 DEBUG e.w.s.EchoServer [main] Http Version: HTTP/1.1 
2021-10-19 12:33:03,662 INFO e.w.s.EchoServer [main] New connection from /0:0:0:0:0:0:0:1 
2021-10-19 12:33:06,856 INFO e.w.s.EchoServer [main] Request: POST /echo HTTP/1.1 
2021-10-19 12:33:06,856 DEBUG e.w.s.EchoServer [main] Http Method: POST 
2021-10-19 12:33:06,856 DEBUG e.w.s.EchoServer [main] Path: /echo 
2021-10-19 12:33:06,856 DEBUG e.w.s.EchoServer [main] Http Version: HTTP/1.1 
2021-10-19 12:33:06,857 INFO e.w.s.EchoServer [main] Message body: msg=test 
2021-10-19 12:33:06,858 INFO e.w.s.EchoServer [main] Message body value: test 
2021-10-19 12:33:06,859 INFO e.w.s.EchoServer [main] New connection from /0:0:0:0:0:0:0:1 
2021-10-19 12:33:09,382 INFO e.w.s.EchoServer [main] Request: GET /echo HTTP/1.1 
2021-10-19 12:33:09,382 DEBUG e.w.s.EchoServer [main] Http Method: GET 
2021-10-19 12:33:09,382 DEBUG e.w.s.EchoServer [main] Path: /echo 
2021-10-19 12:33:09,382 DEBUG e.w.s.EchoServer [main] Http Version: HTTP/1.1 
2021-10-19 12:33:09,383 INFO e.w.s.EchoServer [main] New connection from /0:0:0:0:0:0:0:1 
2021-10-19 12:33:13,317 INFO e.w.s.EchoServer [main] Request: POST /echo HTTP/1.1 
2021-10-19 12:33:13,317 DEBUG e.w.s.EchoServer [main] Http Method: POST 
2021-10-19 12:33:13,318 DEBUG e.w.s.EchoServer [main] Path: /echo 
2021-10-19 12:33:13,318 DEBUG e.w.s.EchoServer [main] Http Version: HTTP/1.1 
2021-10-19 12:33:13,318 INFO e.w.s.EchoServer [main] Message body: msg=another+test 
2021-10-19 12:33:13,318 INFO e.w.s.EchoServer [main] Message body value: another test 
2021-10-19 12:33:13,319 INFO e.w.s.EchoServer [main] New connection from /0:0:0:0:0:0:0:1 
2021-10-19 12:34:15,386 INFO e.w.s.EchoServer [main] Request: null 
2021-10-19 12:35:28,003 INFO e.w.s.EchoServer [main] Echo Server listening on port 1024 
2021-10-19 12:35:33,341 INFO e.w.s.EchoServer [main] New connection from /127.0.0.1 
2021-10-19 12:35:33,368 INFO e.w.s.EchoServer [main] Request: GET /echo HTTP/1.1 
2021-10-19 12:35:33,369 DEBUG e.w.s.EchoServer [main] Http Method: GET 
2021-10-19 12:35:33,369 DEBUG e.w.s.EchoServer [main] Path: /echo 
2021-10-19 12:35:33,369 DEBUG e.w.s.EchoServer [main] Http Version: HTTP/1.1 
2021-10-19 12:36:11,789 INFO e.w.s.EchoServer [main] Echo Server listening on port 1024 
2021-10-19 12:36:12,847 INFO e.w.s.EchoServer [main] New connection from /127.0.0.1 
2021-10-19 12:36:12,869 INFO e.w.s.EchoServer [main] Request: GET /echo HTTP/1.1 
2021-10-19 12:36:12,870 DEBUG e.w.s.EchoServer [main] Http Method: GET 
2021-10-19 12:36:12,870 DEBUG e.w.s.EchoServer [main] Path: /echo 
2021-10-19 12:36:12,870 DEBUG e.w.s.EchoServer [main] Http Version: HTTP/1.1 
2021-10-19 12:36:43,433 INFO e.w.s.EchoServer [main] New connection from /127.0.0.1 
2021-10-19 12:36:43,450 INFO e.w.s.EchoServer [main] Request: POST /echo HTTP/1.1 
2021-10-19 12:36:43,451 DEBUG e.w.s.EchoServer [main] Http Method: POST 
2021-10-19 12:36:43,451 DEBUG e.w.s.EchoServer [main] Path: /echo 
2021-10-19 12:36:43,451 DEBUG e.w.s.EchoServer [main] Http Version: HTTP/1.1 
2021-10-19 12:36:43,454 INFO e.w.s.EchoServer [main] Message body: msg=here is a message 
2021-10-19 12:36:43,456 INFO e.w.s.EchoServer [main] Message body value: here is a message 
2021-10-19 12:37:47,171 INFO e.w.s.EchoServer [main] New connection from /0:0:0:0:0:0:0:1 
2021-10-19 12:37:47,174 INFO e.w.s.EchoServer [main] Request: GET /echo HTTP/1.1 
2021-10-19 12:37:47,175 DEBUG e.w.s.EchoServer [main] Http Method: GET 
2021-10-19 12:37:47,175 DEBUG e.w.s.EchoServer [main] Path: /echo 
2021-10-19 12:37:47,175 DEBUG e.w.s.EchoServer [main] Http Version: HTTP/1.1 
2021-10-19 12:37:47,176 INFO e.w.s.EchoServer [main] New connection from /0:0:0:0:0:0:0:1 
2021-10-19 12:37:52,029 INFO e.w.s.EchoServer [main] Request: POST /echo HTTP/1.1 
2021-10-19 12:37:52,030 DEBUG e.w.s.EchoServer [main] Http Method: POST 
2021-10-19 12:37:52,030 DEBUG e.w.s.EchoServer [main] Path: /echo 
2021-10-19 12:37:52,030 DEBUG e.w.s.EchoServer [main] Http Version: HTTP/1.1 
2021-10-19 12:37:52,031 INFO e.w.s.EchoServer [main] Message body: msg=hello+there+class 
2021-10-19 12:37:52,031 INFO e.w.s.EchoServer [main] Message body value: hello there class 
2021-10-19 12:37:52,031 INFO e.w.s.EchoServer [main] New connection from /0:0:0:0:0:0:0:1 
2021-10-19 12:38:20,981 INFO e.w.s.EchoServer [main] Request: GET /echo HTTP/1.1 
2021-10-19 12:38:20,986 DEBUG e.w.s.EchoServer [main] Http Method: GET 
2021-10-19 12:38:20,986 DEBUG e.w.s.EchoServer [main] Path: /echo 
2021-10-19 12:38:20,987 DEBUG e.w.s.EchoServer [main] Http Version: HTTP/1.1 
2021-10-19 12:38:20,987 INFO e.w.s.EchoServer [main] New connection from /0:0:0:0:0:0:0:1 
2021-10-19 12:38:20,988 INFO e.w.s.EchoServer [main] Request: GET /echo HTTP/1.1 
2021-10-19 12:38:20,988 DEBUG e.w.s.EchoServer [main] Http Method: GET 
2021-10-19 12:38:20,988 DEBUG e.w.s.EchoServer [main] Path: /echo 
2021-10-19 12:38:20,988 DEBUG e.w.s.EchoServer [main] Http Version: HTTP/1.1 
2021-10-19 12:38:20,988 INFO e.w.s.EchoServer [main] New connection from /0:0:0:0:0:0:0:1 
2021-10-19 12:38:20,989 INFO e.w.s.EchoServer [main] Request: GET /echo HTTP/1.1 
2021-10-19 12:38:20,989 DEBUG e.w.s.EchoServer [main] Http Method: GET 
2021-10-19 12:38:20,989 DEBUG e.w.s.EchoServer [main] Path: /echo 
2021-10-19 12:38:20,989 DEBUG e.w.s.EchoServer [main] Http Version: HTTP/1.1 
2021-10-19 12:38:20,990 INFO e.w.s.EchoServer [main] New connection from /0:0:0:0:0:0:0:1 
2021-10-19 12:39:32,235 INFO e.w.s.EchoServer [main] Echo Server listening on port 1024 
2021-10-19 12:39:33,153 INFO e.w.s.EchoServer [main] New connection from /0:0:0:0:0:0:0:1 
2021-10-19 12:39:33,154 INFO e.w.s.EchoServer [main] Request: GET /echo HTTP/1.1 
2021-10-19 12:39:33,155 DEBUG e.w.s.EchoServer [main] Http Method: GET 
2021-10-19 12:39:33,155 DEBUG e.w.s.EchoServer [main] Path: /echo 
2021-10-19 12:39:33,156 DEBUG e.w.s.EchoServer [main] Http Version: HTTP/1.1 
2021-10-19 12:39:40,216 INFO e.w.s.EchoServer [main] New connection from /0:0:0:0:0:0:0:1 
2021-10-19 12:39:40,217 INFO e.w.s.EchoServer [main] Request: GET /echo HTTP/1.1 
2021-10-19 12:39:40,217 DEBUG e.w.s.EchoServer [main] Http Method: GET 
2021-10-19 12:39:40,217 DEBUG e.w.s.EchoServer [main] Path: /echo 
2021-10-19 12:39:40,217 DEBUG e.w.s.EchoServer [main] Http Version: HTTP/1.1 
2021-10-19 12:39:40,220 INFO e.w.s.EchoServer [main] New connection from /0:0:0:0:0:0:0:1 
2021-10-19 12:39:42,639 INFO e.w.s.EchoServer [main] Request: POST /echo HTTP/1.1 
2021-10-19 12:39:42,641 DEBUG e.w.s.EchoServer [main] Http Method: POST 
2021-10-19 12:39:42,641 DEBUG e.w.s.EchoServer [main] Path: /echo 
2021-10-19 12:39:42,641 DEBUG e.w.s.EchoServer [main] Http Version: HTTP/1.1 
2021-10-19 12:39:42,642 INFO e.w.s.EchoServer [main] Message body: msg=test 
2021-10-19 12:39:42,643 INFO e.w.s.EchoServer [main] Message body value: test 
2021-10-19 12:39:42,644 INFO e.w.s.EchoServer [main] New connection from /0:0:0:0:0:0:0:1 
2021-10-19 12:40:43,020 INFO e.w.s.EchoServer [main] Request: null 
2021-10-19 12:40:59,980 INFO e.w.s.EchoServer [main] Echo Server listening on port 1024 
2021-10-19 12:41:00,776 INFO e.w.s.EchoServer [main] New connection from /0:0:0:0:0:0:0:1 
2021-10-19 12:41:00,778 INFO e.w.s.EchoServer [main] Request: GET /echo HTTP/1.1 
2021-10-19 12:41:00,779 DEBUG e.w.s.EchoServer [main] Http Method: GET 
2021-10-19 12:41:00,780 DEBUG e.w.s.EchoServer [main] Path: /echo 
2021-10-19 12:41:00,780 DEBUG e.w.s.EchoServer [main] Http Version: HTTP/1.1 
2021-10-19 12:41:06,318 INFO e.w.s.EchoServer [main] New connection from /0:0:0:0:0:0:0:1 
2021-10-19 12:41:06,319 INFO e.w.s.EchoServer [main] Request: POST /echo HTTP/1.1 
2021-10-19 12:41:06,319 DEBUG e.w.s.EchoServer [main] Http Method: POST 
2021-10-19 12:41:06,319 DEBUG e.w.s.EchoServer [main] Path: /echo 
2021-10-19 12:41:06,319 DEBUG e.w.s.EchoServer [main] Http Version: HTTP/1.1 
2021-10-19 12:41:06,319 INFO e.w.s.EchoServer [main] Message body: msg=test 
2021-10-19 12:41:06,320 INFO e.w.s.EchoServer [main] Message body value: test 
2021-10-19 12:41:12,751 INFO e.w.s.EchoServer [main] New connection from /0:0:0:0:0:0:0:1 
2021-10-19 12:41:12,751 INFO e.w.s.EchoServer [main] Request: POST /echo HTTP/1.1 
2021-10-19 12:41:12,751 DEBUG e.w.s.EchoServer [main] Http Method: POST 
2021-10-19 12:41:12,752 DEBUG e.w.s.EchoServer [main] Path: /echo 
2021-10-19 12:41:12,752 DEBUG e.w.s.EchoServer [main] Http Version: HTTP/1.1 
2021-10-19 12:41:12,752 INFO e.w.s.EchoServer [main] Message body: msg=test message 
2021-10-19 12:41:12,752 INFO e.w.s.EchoServer [main] Message body value: test message 
2021-10-19 12:41:17,001 INFO e.w.s.EchoServer [main] New connection from /0:0:0:0:0:0:0:1 
2021-10-19 12:41:17,005 INFO e.w.s.EchoServer [main] Request: GET /echo HTTP/1.1 
2021-10-19 12:41:17,005 DEBUG e.w.s.EchoServer [main] Http Method: GET 
2021-10-19 12:41:17,006 DEBUG e.w.s.EchoServer [main] Path: /echo 
2021-10-19 12:41:17,006 DEBUG e.w.s.EchoServer [main] Http Version: HTTP/1.1 
2021-10-19 12:41:17,006 INFO e.w.s.EchoServer [main] New connection from /0:0:0:0:0:0:0:1 
2021-10-19 12:41:22,691 INFO e.w.s.EchoServer [main] Request: POST /echo HTTP/1.1 
2021-10-19 12:41:22,699 DEBUG e.w.s.EchoServer [main] Http Method: POST 
2021-10-19 12:41:22,699 DEBUG e.w.s.EchoServer [main] Path: /echo 
2021-10-19 12:41:22,699 DEBUG e.w.s.EchoServer [main] Http Version: HTTP/1.1 
2021-10-19 12:41:22,700 INFO e.w.s.EchoServer [main] Message body: msg=helllooooo 
2021-10-19 12:41:22,700 INFO e.w.s.EchoServer [main] Message body value: helllooooo 
2021-10-19 12:41:22,701 INFO e.w.s.EchoServer [main] New connection from /0:0:0:0:0:0:0:1 
2021-10-19 12:42:22,842 INFO e.w.s.EchoServer [main] Request: null 
2021-10-19 12:43:29,302 INFO e.w.s.EchoServer [main] Echo Server listening on port 1024 
2021-10-19 12:43:29,306 INFO e.w.s.EchoServer [main] Waiting for new client connection... 
2021-10-19 12:43:30,789 INFO e.w.s.EchoServer [main] New connection from /0:0:0:0:0:0:0:1 
2021-10-19 12:43:30,792 INFO e.w.s.EchoServer [main] Request: GET /echo HTTP/1.1 
2021-10-19 12:43:30,793 DEBUG e.w.s.EchoServer [main] Http Method: GET 
2021-10-19 12:43:30,793 DEBUG e.w.s.EchoServer [main] Path: /echo 
2021-10-19 12:43:30,793 DEBUG e.w.s.EchoServer [main] Http Version: HTTP/1.1 
2021-10-19 12:43:30,802 INFO e.w.s.EchoServer [main] Waiting for new client connection... 
2021-10-19 12:43:30,803 INFO e.w.s.EchoServer [main] New connection from /0:0:0:0:0:0:0:1 
2021-10-19 12:44:30,972 INFO e.w.s.EchoServer [main] Request: null 
2021-10-19 12:45:58,061 INFO e.w.s.EchoServer [main] Echo Server listening on port 1024 
2021-10-19 12:45:58,069 INFO e.w.s.EchoServer [main] Waiting for new client connection... 
2021-10-19 12:45:58,898 INFO e.w.s.EchoServer [main] New connection from /0:0:0:0:0:0:0:1 
2021-10-19 12:45:58,899 INFO e.w.s.EchoServer [main] Reading request line... 
2021-10-19 12:45:58,903 INFO e.w.s.EchoServer [main] Request: GET /echo HTTP/1.1 
2021-10-19 12:45:58,905 DEBUG e.w.s.EchoServer [main] Http Method: GET 
2021-10-19 12:45:58,905 DEBUG e.w.s.EchoServer [main] Path: /echo 
2021-10-19 12:45:58,905 DEBUG e.w.s.EchoServer [main] Http Version: HTTP/1.1 
2021-10-19 12:45:58,917 INFO e.w.s.EchoServer [main] Waiting for new client connection... 
2021-10-19 12:45:58,917 INFO e.w.s.EchoServer [main] New connection from /0:0:0:0:0:0:0:1 
2021-10-19 12:45:58,917 INFO e.w.s.EchoServer [main] Reading request line... 
2021-10-19 12:46:09,427 INFO e.w.s.EchoServer [main] Request: POST /echo HTTP/1.1 
2021-10-19 12:46:09,427 DEBUG e.w.s.EchoServer [main] Http Method: POST 
2021-10-19 12:46:09,427 DEBUG e.w.s.EchoServer [main] Path: /echo 
2021-10-19 12:46:09,427 DEBUG e.w.s.EchoServer [main] Http Version: HTTP/1.1 
2021-10-19 12:46:09,428 INFO e.w.s.EchoServer [main] Message body: msg=test 
2021-10-19 12:46:09,429 INFO e.w.s.EchoServer [main] Message body value: test 
2021-10-19 12:46:09,430 INFO e.w.s.EchoServer [main] Waiting for new client connection... 
2021-10-19 12:46:09,431 INFO e.w.s.EchoServer [main] New connection from /0:0:0:0:0:0:0:1 
2021-10-19 12:46:09,432 INFO e.w.s.EchoServer [main] Reading request line... 
2021-10-19 12:47:03,203 INFO e.w.s.EchoServer [main] Request: GET /echo HTTP/1.1 
2021-10-19 12:47:03,207 DEBUG e.w.s.EchoServer [main] Http Method: GET 
2021-10-19 12:47:03,207 DEBUG e.w.s.EchoServer [main] Path: /echo 
2021-10-19 12:47:03,207 DEBUG e.w.s.EchoServer [main] Http Version: HTTP/1.1 
2021-10-19 12:47:03,208 INFO e.w.s.EchoServer [main] Waiting for new client connection... 
2021-10-19 12:47:03,208 INFO e.w.s.EchoServer [main] New connection from /0:0:0:0:0:0:0:1 
2021-10-19 12:47:03,209 INFO e.w.s.EchoServer [main] Reading request line... 
2021-10-19 12:47:06,191 INFO e.w.s.EchoServer [main] Request: POST /echo HTTP/1.1 
2021-10-19 12:47:06,192 DEBUG e.w.s.EchoServer [main] Http Method: POST 
2021-10-19 12:47:06,192 DEBUG e.w.s.EchoServer [main] Path: /echo 
2021-10-19 12:47:06,193 DEBUG e.w.s.EchoServer [main] Http Version: HTTP/1.1 
2021-10-19 12:47:06,193 INFO e.w.s.EchoServer [main] Message body: msg=asdfsf 
2021-10-19 12:47:06,194 INFO e.w.s.EchoServer [main] Message body value: asdfsf 
2021-10-19 12:47:06,194 INFO e.w.s.EchoServer [main] Waiting for new client connection... 
2021-10-19 12:47:06,195 INFO e.w.s.EchoServer [main] New connection from /0:0:0:0:0:0:0:1 
2021-10-19 12:47:06,195 INFO e.w.s.EchoServer [main] Reading request line... 
2021-10-19 12:47:07,760 INFO e.w.s.EchoServer [main] Request: GET /echo HTTP/1.1 
2021-10-19 12:47:07,760 DEBUG e.w.s.EchoServer [main] Http Method: GET 
2021-10-19 12:47:07,760 DEBUG e.w.s.EchoServer [main] Path: /echo 
2021-10-19 12:47:07,760 DEBUG e.w.s.EchoServer [main] Http Version: HTTP/1.1 
2021-10-19 12:47:07,761 INFO e.w.s.EchoServer [main] Waiting for new client connection... 
2021-10-19 12:47:07,761 INFO e.w.s.EchoServer [main] New connection from /0:0:0:0:0:0:0:1 
2021-10-19 12:47:07,762 INFO e.w.s.EchoServer [main] Reading request line... 
2021-10-19 12:47:10,298 INFO e.w.s.EchoServer [main] Request: POST /echo HTTP/1.1 
2021-10-19 12:47:10,298 DEBUG e.w.s.EchoServer [main] Http Method: POST 
2021-10-19 12:47:10,299 DEBUG e.w.s.EchoServer [main] Path: /echo 
2021-10-19 12:47:10,299 DEBUG e.w.s.EchoServer [main] Http Version: HTTP/1.1 
2021-10-19 12:47:10,299 INFO e.w.s.EchoServer [main] Message body: msg=help+me 
2021-10-19 12:47:10,299 INFO e.w.s.EchoServer [main] Message body value: help me 
2021-10-19 12:47:10,300 INFO e.w.s.EchoServer [main] Waiting for new client connection... 
2021-10-19 12:47:10,300 INFO e.w.s.EchoServer [main] New connection from /0:0:0:0:0:0:0:1 
2021-10-19 12:47:10,301 INFO e.w.s.EchoServer [main] Reading request line... 
2021-10-19 12:48:00,440 INFO e.w.s.EchoServer [main] Echo Server listening on port 1024 
2021-10-19 12:48:00,443 INFO e.w.s.EchoServer [main] Waiting for new client connection... 
2021-10-19 12:48:01,380 INFO e.w.s.EchoServer [main] New connection from /0:0:0:0:0:0:0:1 
2021-10-19 12:48:01,381 INFO e.w.s.EchoServer [main] Reading request line... 
2021-10-19 12:48:01,383 INFO e.w.s.EchoServer [main] Request: GET /echo HTTP/1.1 
2021-10-19 12:48:01,384 DEBUG e.w.s.EchoServer [main] Http Method: GET 
2021-10-19 12:48:01,384 DEBUG e.w.s.EchoServer [main] Path: /echo 
2021-10-19 12:48:01,384 DEBUG e.w.s.EchoServer [main] Http Version: HTTP/1.1 
2021-10-19 12:48:01,394 INFO e.w.s.EchoServer [main] Waiting for new client connection... 
2021-10-19 12:48:01,394 INFO e.w.s.EchoServer [main] New connection from /0:0:0:0:0:0:0:1 
2021-10-19 12:48:01,395 INFO e.w.s.EchoServer [main] Reading request line... 
2021-10-19 12:48:12,687 INFO e.w.s.EchoServer [main] Request: POST /echo HTTP/1.1 
2021-10-19 12:48:12,688 DEBUG e.w.s.EchoServer [main] Http Method: POST 
2021-10-19 12:48:12,688 DEBUG e.w.s.EchoServer [main] Path: /echo 
2021-10-19 12:48:12,688 DEBUG e.w.s.EchoServer [main] Http Version: HTTP/1.1 
2021-10-19 12:48:12,688 INFO e.w.s.EchoServer [main] Message body: msg=sdf 
2021-10-19 12:48:12,690 INFO e.w.s.EchoServer [main] Message body value: sdf 
2021-10-19 12:48:12,691 INFO e.w.s.EchoServer [main] Waiting for new client connection... 
2021-10-19 12:48:12,691 INFO e.w.s.EchoServer [main] New connection from /0:0:0:0:0:0:0:1 
2021-10-19 12:48:12,692 INFO e.w.s.EchoServer [main] Reading request line... 
2021-10-19 12:49:12,727 INFO e.w.s.EchoServer [main] Request: null 
2021-10-19 12:52:47,250 INFO e.w.s.EchoServer [main] Echo Server listening on port 1024 
2021-10-19 12:52:47,258 INFO e.w.s.EchoServer [main] Waiting for new client connection... 
2021-10-19 12:52:49,502 INFO e.w.s.EchoServer [main] New connection from /0:0:0:0:0:0:0:1 
2021-10-19 12:52:49,503 INFO e.w.s.EchoServer [main] Reading request line... 
2021-10-19 12:52:49,519 INFO e.w.s.EchoServer [main] Request: GET /echo HTTP/1.1 
2021-10-19 12:52:49,520 DEBUG e.w.s.EchoServer [main] Http Method: GET 
2021-10-19 12:52:49,520 DEBUG e.w.s.EchoServer [main] Path: /echo 
2021-10-19 12:52:49,521 DEBUG e.w.s.EchoServer [main] Http Version: HTTP/1.1 
2021-10-19 12:52:49,530 INFO e.w.s.EchoServer [main] Waiting for new client connection... 
2021-10-19 12:52:49,531 INFO e.w.s.EchoServer [main] New connection from /0:0:0:0:0:0:0:1 
2021-10-19 12:52:49,531 INFO e.w.s.EchoServer [main] Reading request line... 
2021-10-19 12:53:06,238 INFO e.w.s.EchoServer [main] Request: POST /echo HTTP/1.1 
2021-10-19 12:53:06,240 DEBUG e.w.s.EchoServer [main] Http Method: POST 
2021-10-19 12:53:06,241 DEBUG e.w.s.EchoServer [main] Path: /echo 
2021-10-19 12:53:06,241 DEBUG e.w.s.EchoServer [main] Http Version: HTTP/1.1 
2021-10-19 12:53:06,242 INFO e.w.s.EchoServer [main] Message body: msg=test 
2021-10-19 12:53:06,244 INFO e.w.s.EchoServer [main] Message body value: test 
2021-10-19 12:53:06,245 INFO e.w.s.EchoServer [main] Waiting for new client connection... 
2021-10-19 12:53:06,246 INFO e.w.s.EchoServer [main] New connection from /0:0:0:0:0:0:0:1 
2021-10-19 12:53:06,246 INFO e.w.s.EchoServer [main] Reading request line... 
2021-10-19 12:53:10,380 INFO e.w.s.EchoServer [main] Request: GET /echo HTTP/1.1 
2021-10-19 12:53:10,380 DEBUG e.w.s.EchoServer [main] Http Method: GET 
2021-10-19 12:53:10,380 DEBUG e.w.s.EchoServer [main] Path: /echo 
2021-10-19 12:53:10,380 DEBUG e.w.s.EchoServer [main] Http Version: HTTP/1.1 
2021-10-19 12:53:10,381 INFO e.w.s.EchoServer [main] Waiting for new client connection... 
2021-10-19 12:53:10,381 INFO e.w.s.EchoServer [main] New connection from /0:0:0:0:0:0:0:1 
2021-10-19 12:53:10,381 INFO e.w.s.EchoServer [main] Reading request line... 
2021-10-19 12:53:13,632 INFO e.w.s.EchoServer [main] Request: POST /echo HTTP/1.1 
2021-10-19 12:53:13,633 DEBUG e.w.s.EchoServer [main] Http Method: POST 
2021-10-19 12:53:13,633 DEBUG e.w.s.EchoServer [main] Path: /echo 
2021-10-19 12:53:13,633 DEBUG e.w.s.EchoServer [main] Http Version: HTTP/1.1 
2021-10-19 12:53:13,635 INFO e.w.s.EchoServer [main] Message body: msg=sdfs+sdfsdf 
2021-10-19 12:53:13,635 INFO e.w.s.EchoServer [main] Message body value: sdfs sdfsdf 
2021-10-19 12:53:13,636 INFO e.w.s.EchoServer [main] Waiting for new client connection... 
2021-10-19 12:53:13,636 INFO e.w.s.EchoServer [main] New connection from /0:0:0:0:0:0:0:1 
2021-10-19 12:53:13,636 INFO e.w.s.EchoServer [main] Reading request line... 
2021-10-19 12:56:12,571 INFO e.w.s.EchoServer [main] Echo Server listening on port 1024 
2021-10-19 12:56:12,579 INFO e.w.s.EchoServer [main] Waiting for new client connection... 
2021-10-19 12:56:13,578 INFO e.w.s.EchoServer [main] New connection from /0:0:0:0:0:0:0:1 
2021-10-19 12:56:13,579 INFO e.w.s.EchoServer [main] Reading request line... 
2021-10-19 12:56:13,581 INFO e.w.s.EchoServer [main] Request: ET /echo HTTP/1.1 
2021-10-19 12:56:13,582 DEBUG e.w.s.EchoServer [main] Http Method: ET 
2021-10-19 12:56:13,582 DEBUG e.w.s.EchoServer [main] Path: /echo 
2021-10-19 12:56:13,583 DEBUG e.w.s.EchoServer [main] Http Version: HTTP/1.1 
2021-10-19 12:56:13,592 INFO e.w.s.EchoServer [main] Waiting for new client connection... 
2021-10-19 12:56:13,592 INFO e.w.s.EchoServer [main] New connection from /0:0:0:0:0:0:0:1 
2021-10-19 12:56:13,593 INFO e.w.s.EchoServer [main] Reading request line... 
2021-10-19 12:57:19,626 INFO e.w.s.EchoServer [main] Request: null 
2021-10-19 12:57:46,032 INFO e.w.s.EchoServer [main] Echo Server listening on port 1024 
2021-10-19 12:57:46,036 INFO e.w.s.EchoServer [main] Waiting for new client connection... 
2021-10-19 12:57:47,496 INFO e.w.s.EchoServer [main] New connection from /0:0:0:0:0:0:0:1 
2021-10-19 12:57:47,497 INFO e.w.s.EchoServer [main] Reading request line... 
2021-10-19 12:57:47,498 INFO e.w.s.EchoServer [main] Request: GET /echo HTTP/1.1 
2021-10-19 12:57:47,499 DEBUG e.w.s.EchoServer [main] Http Method: GET 
2021-10-19 12:57:47,499 DEBUG e.w.s.EchoServer [main] Path: /echo 
2021-10-19 12:57:47,499 DEBUG e.w.s.EchoServer [main] Http Version: HTTP/1.1 
2021-10-19 12:57:47,506 INFO e.w.s.EchoServer [main] Waiting for new client connection... 
2021-10-19 12:58:22,432 INFO e.w.s.EchoServer [main] New connection from /127.0.0.1 
2021-10-19 12:58:22,433 INFO e.w.s.EchoServer [main] Reading request line... 
2021-10-19 12:58:22,454 INFO e.w.s.EchoServer [main] Request: GET /echo HTTP/1.1 
2021-10-19 12:58:22,454 DEBUG e.w.s.EchoServer [main] Http Method: GET 
2021-10-19 12:58:22,454 DEBUG e.w.s.EchoServer [main] Path: /echo 
2021-10-19 12:58:22,455 DEBUG e.w.s.EchoServer [main] Http Version: HTTP/1.1 
2021-10-19 12:58:22,455 INFO e.w.s.EchoServer [main] Waiting for new client connection... 
2021-10-19 12:58:37,858 INFO e.w.s.EchoServer [main] New connection from /127.0.0.1 
2021-10-19 12:58:37,859 INFO e.w.s.EchoServer [main] Reading request line... 
2021-10-19 12:58:37,878 INFO e.w.s.EchoServer [main] Request: POST /echo HTTP/1.1 
2021-10-19 12:58:37,878 DEBUG e.w.s.EchoServer [main] Http Method: POST 
2021-10-19 12:58:37,878 DEBUG e.w.s.EchoServer [main] Path: /echo 
2021-10-19 12:58:37,879 DEBUG e.w.s.EchoServer [main] Http Version: HTTP/1.1 
2021-10-19 12:58:37,882 INFO e.w.s.EchoServer [main] Message body: msg=here is a message 
2021-10-19 12:58:37,884 INFO e.w.s.EchoServer [main] Message body value: here is a message 
2021-10-19 12:58:37,885 INFO e.w.s.EchoServer [main] Waiting for new client connection... 
2021-10-19 12:59:06,797 INFO e.w.s.EchoServer [main] New connection from /0:0:0:0:0:0:0:1 
2021-10-19 12:59:06,798 INFO e.w.s.EchoServer [main] Reading request line... 
2021-10-19 12:59:07,089 INFO e.w.s.EchoServer [main] Request: GET /echo HTTP/1.1 
2021-10-19 12:59:07,089 DEBUG e.w.s.EchoServer [main] Http Method: GET 
2021-10-19 12:59:07,089 DEBUG e.w.s.EchoServer [main] Path: /echo 
2021-10-19 12:59:07,090 DEBUG e.w.s.EchoServer [main] Http Version: HTTP/1.1 
2021-10-19 12:59:07,090 INFO e.w.s.EchoServer [main] Waiting for new client connection... 
2021-10-19 12:59:08,366 INFO e.w.s.EchoServer [main] New connection from /0:0:0:0:0:0:0:1 
2021-10-19 12:59:08,366 INFO e.w.s.EchoServer [main] Reading request line... 
2021-10-19 12:59:08,366 INFO e.w.s.EchoServer [main] Request: GET /favicon.ico HTTP/1.1 
2021-10-19 12:59:08,367 DEBUG e.w.s.EchoServer [main] Http Method: GET 
2021-10-19 12:59:08,367 DEBUG e.w.s.EchoServer [main] Path: /favicon.ico 
2021-10-19 12:59:08,367 DEBUG e.w.s.EchoServer [main] Http Version: HTTP/1.1 
2021-10-19 12:59:08,367 INFO e.w.s.EchoServer [main] Waiting for new client connection... 
2021-10-19 12:59:12,426 INFO e.w.s.EchoServer [main] New connection from /0:0:0:0:0:0:0:1 
2021-10-19 12:59:12,426 INFO e.w.s.EchoServer [main] Reading request line... 
2021-10-19 12:59:12,427 INFO e.w.s.EchoServer [main] Request: POST /echo HTTP/1.1 
2021-10-19 12:59:12,427 DEBUG e.w.s.EchoServer [main] Http Method: POST 
2021-10-19 12:59:12,427 DEBUG e.w.s.EchoServer [main] Path: /echo 
2021-10-19 12:59:12,427 DEBUG e.w.s.EchoServer [main] Http Version: HTTP/1.1 
2021-10-19 12:59:12,427 INFO e.w.s.EchoServer [main] Message body: msg=test 
2021-10-19 12:59:12,428 INFO e.w.s.EchoServer [main] Message body value: test 
2021-10-19 12:59:12,428 INFO e.w.s.EchoServer [main] Waiting for new client connection... 
2021-10-19 12:59:18,823 INFO e.w.s.EchoServer [main] New connection from /0:0:0:0:0:0:0:1 
2021-10-19 12:59:18,824 INFO e.w.s.EchoServer [main] Reading request line... 
2021-10-19 12:59:18,824 INFO e.w.s.EchoServer [main] Request: GET /echo HTTP/1.1 
2021-10-19 12:59:18,824 DEBUG e.w.s.EchoServer [main] Http Method: GET 
2021-10-19 12:59:18,824 DEBUG e.w.s.EchoServer [main] Path: /echo 
2021-10-19 12:59:18,825 DEBUG e.w.s.EchoServer [main] Http Version: HTTP/1.1 
2021-10-19 12:59:18,825 INFO e.w.s.EchoServer [main] Waiting for new client connection... 
2021-10-19 12:59:25,544 INFO e.w.s.EchoServer [main] New connection from /0:0:0:0:0:0:0:1 
2021-10-19 12:59:25,544 INFO e.w.s.EchoServer [main] Reading request line... 
2021-10-19 12:59:25,544 INFO e.w.s.EchoServer [main] Request: POST /echo HTTP/1.1 
2021-10-19 12:59:25,544 DEBUG e.w.s.EchoServer [main] Http Method: POST 
2021-10-19 12:59:25,544 DEBUG e.w.s.EchoServer [main] Path: /echo 
2021-10-19 12:59:25,545 DEBUG e.w.s.EchoServer [main] Http Version: HTTP/1.1 
2021-10-19 12:59:25,545 INFO e.w.s.EchoServer [main] Message body: msg=test message 
2021-10-19 12:59:25,545 INFO e.w.s.EchoServer [main] Message body value: test message 
2021-10-19 12:59:25,546 INFO e.w.s.EchoServer [main] Waiting for new client connection... 
2021-10-19 12:59:28,987 INFO e.w.s.EchoServer [main] New connection from /0:0:0:0:0:0:0:1 
2021-10-19 12:59:28,988 INFO e.w.s.EchoServer [main] Reading request line... 
2021-10-19 12:59:29,002 INFO e.w.s.EchoServer [main] Request: GET /echo HTTP/1.1 
2021-10-19 12:59:29,002 DEBUG e.w.s.EchoServer [main] Http Method: GET 
2021-10-19 12:59:29,002 DEBUG e.w.s.EchoServer [main] Path: /echo 
2021-10-19 12:59:29,003 DEBUG e.w.s.EchoServer [main] Http Version: HTTP/1.1 
2021-10-19 12:59:29,003 INFO e.w.s.EchoServer [main] Waiting for new client connection... 
2021-10-19 12:59:33,839 INFO e.w.s.EchoServer [main] New connection from /0:0:0:0:0:0:0:1 
2021-10-19 12:59:33,840 INFO e.w.s.EchoServer [main] Reading request line... 
2021-10-19 12:59:33,840 INFO e.w.s.EchoServer [main] Request: POST /echo HTTP/1.1 
2021-10-19 12:59:33,840 DEBUG e.w.s.EchoServer [main] Http Method: POST 
2021-10-19 12:59:33,840 DEBUG e.w.s.EchoServer [main] Path: /echo 
2021-10-19 12:59:33,840 DEBUG e.w.s.EchoServer [main] Http Version: HTTP/1.1 
2021-10-19 12:59:33,840 INFO e.w.s.EchoServer [main] Message body: msg=another+test 
2021-10-19 12:59:33,845 INFO e.w.s.EchoServer [main] Message body value: another test 
2021-10-19 12:59:33,845 INFO e.w.s.EchoServer [main] Waiting for new client connection... 
2021-10-19 12:59:59,205 INFO e.w.s.EchoServer [main] New connection from /127.0.0.1 
2021-10-19 12:59:59,205 INFO e.w.s.EchoServer [main] Reading request line... 
2021-10-19 12:59:59,227 INFO e.w.s.EchoServer [main] Request: GET /echo HTTP/1.1 
2021-10-19 12:59:59,227 DEBUG e.w.s.EchoServer [main] Http Method: GET 
2021-10-19 12:59:59,227 DEBUG e.w.s.EchoServer [main] Path: /echo 
2021-10-19 12:59:59,227 DEBUG e.w.s.EchoServer [main] Http Version: HTTP/1.1 
2021-10-19 12:59:59,229 INFO e.w.s.EchoServer [main] Waiting for new client connection... 
2021-10-19 13:00:08,352 INFO e.w.s.EchoServer [main] New connection from /127.0.0.1 
2021-10-19 13:00:08,352 INFO e.w.s.EchoServer [main] Reading request line... 
2021-10-19 13:00:08,371 INFO e.w.s.EchoServer [main] Request: POST /echo HTTP/1.1 
2021-10-19 13:00:08,371 DEBUG e.w.s.EchoServer [main] Http Method: POST 
2021-10-19 13:00:08,372 DEBUG e.w.s.EchoServer [main] Path: /echo 
2021-10-19 13:00:08,372 DEBUG e.w.s.EchoServer [main] Http Version: HTTP/1.1 
2021-10-19 13:00:08,374 INFO e.w.s.EchoServer [main] Message body: msg=here is a message 
2021-10-19 13:00:08,374 INFO e.w.s.EchoServer [main] Message body value: here is a message 
2021-10-19 13:00:08,375 INFO e.w.s.EchoServer [main] Waiting for new client connection... 
